#
# A fatal error has been detected by the Java Runtime Environment:
#
#  EXCEPTION_ACCESS_VIOLATION (0xc0000005) at pc=0x00007fff25da4177, pid=1704, tid=6464
#
# JRE version: OpenJDK Runtime Environment (15.0.2+7) (build 15.0.2+7-27)
# Java VM: OpenJDK 64-Bit Server VM (15.0.2+7-27, mixed mode, tiered, compressed oops, g1 gc, windows-amd64)
# Problematic frame:
# C  [ig9icd64.dll+0xb4177]
#
# No core dump will be written. Minidumps are not enabled by default on client versions of Windows
#
# If you would like to submit a bug report, please visit:
#   https://bugreport.java.com/bugreport/crash.jsp
# The crash happened outside the Java Virtual Machine in native code.
# See problematic frame for where to report the bug.
#

---------------  S U M M A R Y ------------

Command Line: -XX:+ShowCodeDetailsInExceptionMessages -agentlib:jdwp=transport=dt_socket,suspend=y,address=localhost:57564 -javaagent:E:\MyStudio\eclipse\configuration\org.eclipse.osgi\222\0\.cp\lib\javaagent-shaded.jar -Dfile.encoding=GBK MainWindow

Host: Intel(R) Core(TM) i5-7300HQ CPU @ 2.50GHz, 4 cores, 31G,  Windows 10 , 64 bit Build 14393 (10.0.14393.2214)
Time: Thu Dec  2 02:02:25 2021 ?D1¨²¡À¨º¡Á?¨º¡À?? elapsed time: 2.549398 seconds (0d 0h 0m 2s)

---------------  T H R E A D  ---------------

Current thread (0x0000025b32de6d20):  JavaThread "main" [_thread_in_native, id=6464, stack(0x000000b628300000,0x000000b628400000)]

Stack: [0x000000b628300000,0x000000b628400000],  sp=0x000000b6283fc700,  free space=1009k
Native frames: (J=compiled Java code, j=interpreted, Vv=VM code, C=native code)
C  [ig9icd64.dll+0xb4177]

Java frames: (J=compiled Java code, j=interpreted, Vv=VM code)
J 1298  org.lwjgl.opengl.GL11.nglDrawArrays(IIIJ)V (0 bytes) @ 0x0000025b3e4a5b76 [0x0000025b3e4a5b20+0x0000000000000056]
J 1305 c1 org.lwjgl.opengl.GL11.glDrawArrays(III)V (27 bytes) @ 0x0000025b3712791c [0x0000025b371274e0+0x000000000000043c]
J 1277 c1 GraphicsObjects.vertex_buffer.draw_arrays(III)V (63 bytes) @ 0x0000025b37119f1c [0x0000025b37119da0+0x000000000000017c]
J 1276 c1 objects3D.Sphere.draw(Lorg/newdawn/slick/opengl/Texture;)V (49 bytes) @ 0x0000025b371198b4 [0x0000025b37119680+0x0000000000000234]
J 1295 c1 objects3D.Sphere.draw(FLorg/newdawn/slick/opengl/Texture;)V (18 bytes) @ 0x0000025b37122d44 [0x0000025b37122c60+0x00000000000000e4]
j  objects3D.Human.DrawHuman(FZLorg/newdawn/slick/opengl/Texture;Lorg/newdawn/slick/opengl/Texture;Lorg/newdawn/slick/opengl/Texture;)V+1672
j  MainWindow.drawHuman(FF)V+124
j  MainWindow.renderGL()V+594
j  MainWindow.start()V+70
j  MainWindow.main([Ljava/lang/String;)V+9
v  ~StubRoutines::call_stub

siginfo: EXCEPTION_ACCESS_VIOLATION (0xc0000005), reading address 0x0000025b7199e000


Register to memory mapping:

RIP=0x00007fff25da4177 ig9icd64.dll
RAX=0x0000000000000008 is an unknown value
RBX=0x0000025b5c718cc0 points into unknown readable memory: 0x0000025b5c5d4140 | 40 41 5d 5c 5b 02 00 00
RCX=0x0 is NULL
RDX=0x0000025b7199dff0 points into unknown readable memory: 0x0000000000000000 | 00 00 00 00 00 00 00 00
RSP=0x000000b6283fc700 is pointing into the stack for thread: 0x0000025b32de6d20
RBP=0x000000b6283fc830 is pointing into the stack for thread: 0x0000025b32de6d20
RSI=0x0000025b7199dbf0 points into unknown readable memory: 0x0000000000000000 | 00 00 00 00 00 00 00 00
RDI=0x0000025b64374c30 points into unknown readable memory: 0x3e6800003e100000 | 00 00 10 3e 00 00 68 3e
R8 =0x00000000000004b0 is an unknown value
R9 =0x0000000000000009 is an unknown value
R10=0x0000000000000009 is an unknown value
R11=0x0000025b5c7d29d8 points into unknown readable memory: 0x0000025b7199dbf0 | f0 db 99 71 5b 02 00 00
R12=0x00000000000004b0 is an unknown value
R13=0x0000025b64374830 points into unknown readable memory: 0x0000000000000000 | 00 00 00 00 00 00 00 00
R14=0x0 is NULL
R15=0x0000025b5cfd6160 points into unknown readable memory: 0x0000025b64374830 | 30 48 37 64 5b 02 00 00


Registers:
RAX=0x0000000000000008, RBX=0x0000025b5c718cc0, RCX=0x0000000000000000, RDX=0x0000025b7199dff0
RSP=0x000000b6283fc700, RBP=0x000000b6283fc830, RSI=0x0000025b7199dbf0, RDI=0x0000025b64374c30
R8 =0x00000000000004b0, R9 =0x0000000000000009, R10=0x0000000000000009, R11=0x0000025b5c7d29d8
R12=0x00000000000004b0, R13=0x0000025b64374830, R14=0x0000000000000000, R15=0x0000025b5cfd6160
RIP=0x00007fff25da4177, EFLAGS=0x0000000000010207

Top of Stack: (sp=0x000000b6283fc700)
0x000000b6283fc700:   8000000000000000 401921fb54442d18
0x000000b6283fc710:   8000000000000000 8000000000000000
0x000000b6283fc720:   0000000000000000 00007fff25f98455
0x000000b6283fc730:   0000025b5c718cc0 000000b6283fc830
0x000000b6283fc740:   0000000000000006 0000025b5c73fa70
0x000000b6283fc750:   0000000000000000 0004000000000000
0x000000b6283fc760:   ffffffff00020b90 00007fff00000002
0x000000b6283fc770:   000000005df289b4 0001000000000000
0x000000b6283fc780:   ffffffff283fc801 0000025b00000000
0x000000b6283fc790:   0000025b5df28aa0 0000001000000000
0x000000b6283fc7a0:   0000000000000001 0000025b5c6eedb0
0x000000b6283fc7b0:   000000b6ffffffff 0020000000000000
0x000000b6283fc7c0:   0000000000000000 401921fb00000003
0x000000b6283fc7d0:   0000000000000064 0000001000000100
0x000000b6283fc7e0:   0000000000000000 0000025b5c6eedb0
0x000000b6283fc7f0:   0000000000000000 0000025b5c73e2e8 

Instructions: (pc=0x00007fff25da4177)
0x00007fff25da4077:   66 0f 60 c0 66 0f 61 c0 66 0f 70 c0 00 66 0f 64
0x00007fff25da4087:   c8 66 0f f7 d1 49 03 f9 41 8b c1 44 8b d1 4c 2b
0x00007fff25da4097:   c0 0f 29 74 24 10 4d 8b c8 0f 29 3c 24 49 c1 e9
0x00007fff25da40a7:   07 f6 c2 0f 0f 84 af 00 00 00 4d 85 c9 74 6b 66
0x00007fff25da40b7:   66 0f 1f 84 00 00 00 00 00 f3 0f 6f 3a 41 ff c2
0x00007fff25da40c7:   f3 0f 6f 72 10 41 8b c2 f3 0f 6f 6a 20 f3 0f 6f
0x00007fff25da40d7:   62 30 f3 0f 6f 5a 40 f3 0f 6f 52 50 f3 0f 6f 4a
0x00007fff25da40e7:   60 f3 0f 6f 42 70 66 0f e7 3f 66 0f e7 77 10 66
0x00007fff25da40f7:   0f e7 6f 20 66 0f e7 67 30 66 0f e7 5f 40 66 0f
0x00007fff25da4107:   e7 57 50 66 0f e7 4f 60 66 0f e7 47 70 48 83 ef
0x00007fff25da4117:   80 48 83 ea 80 49 3b c1 72 9f 41 83 e0 7f 0f 84
0x00007fff25da4127:   e0 00 00 00 45 8b d0 44 8b c9 49 c1 ea 04 4d 85
0x00007fff25da4137:   d2 0f 84 cd 00 00 00 66 90 f3 0f 6f 02 41 ff c1
0x00007fff25da4147:   48 83 c2 10 41 8b c1 66 0f e7 07 48 83 c7 10 49
0x00007fff25da4157:   3b c2 72 e5 e9 ab 00 00 00 4d 85 c9 74 6c 66 66
0x00007fff25da4167:   66 0f 1f 84 00 00 00 00 00 66 0f 6f 3a 41 ff c2
0x00007fff25da4177:   66 0f 6f 72 10 66 0f 6f 6a 20 66 0f 6f 62 30 66
0x00007fff25da4187:   0f 6f 5a 40 66 0f 6f 52 50 66 0f 6f 4a 60 66 0f
0x00007fff25da4197:   6f 42 70 48 83 ea 80 66 0f e7 3f 66 0f e7 77 10
0x00007fff25da41a7:   66 0f e7 6f 20 66 0f e7 67 30 66 0f e7 5f 40 66
0x00007fff25da41b7:   0f e7 57 50 66 0f e7 4f 60 66 0f e7 47 70 48 83
0x00007fff25da41c7:   ef 80 41 8b c2 49 3b c1 72 9f 41 83 e0 7f 74 34
0x00007fff25da41d7:   45 8b d0 44 8b c9 49 c1 ea 04 4d 85 d2 74 25 66
0x00007fff25da41e7:   66 0f 1f 84 00 00 00 00 00 66 0f 6f 02 41 ff c1
0x00007fff25da41f7:   66 0f e7 07 48 83 c7 10 41 8b c1 48 83 c2 10 49
0x00007fff25da4207:   3b c2 72 e5 0f 28 74 24 10 0f 28 3c 24 41 83 e0
0x00007fff25da4217:   0f 74 49 45 8b d0 44 8b c9 49 c1 ea 02 4d 85 d2
0x00007fff25da4227:   74 1e 0f 1f 80 00 00 00 00 8b 02 41 ff c1 89 07
0x00007fff25da4237:   48 83 c2 04 48 83 c7 04 41 8b c1 49 3b c2 72 e9
0x00007fff25da4247:   41 83 e0 03 76 16 48 2b d7 0f b6 04 3a ff c1 88
0x00007fff25da4257:   07 48 8d 7f 01 8b c1 49 3b c0 72 ed 48 83 c4 20
0x00007fff25da4267:   5f c3 cc cc cc cc cc cc cc 48 89 5c 24 18 89 54 


Stack slot to memory mapping:
stack at sp + 0 slots: 0x8000000000000000 is an unknown value
stack at sp + 1 slots: 0x401921fb54442d18 is an unknown value
stack at sp + 2 slots: 0x8000000000000000 is an unknown value
stack at sp + 3 slots: 0x8000000000000000 is an unknown value
stack at sp + 4 slots: 0x0 is NULL
stack at sp + 5 slots: 0x00007fff25f98455 ig9icd64.dll
stack at sp + 6 slots: 0x0000025b5c718cc0 points into unknown readable memory: 0x0000025b5c5d4140 | 40 41 5d 5c 5b 02 00 00
stack at sp + 7 slots: 0x000000b6283fc830 is pointing into the stack for thread: 0x0000025b32de6d20


---------------  P R O C E S S  ---------------

Threads class SMR info:
_java_thread_list=0x0000025b5cff8010, length=17, elements={
0x0000025b32de6d20, 0x0000025b3300ea20, 0x0000025b5bc5c520, 0x0000025b5bc2d450,
0x0000025b5bc83020, 0x0000025b5bc848f0, 0x0000025b5bc851b0, 0x0000025b5bc9b2a0,
0x0000025b5bca14a0, 0x0000025b5bdab890, 0x0000025b5bfa42b0, 0x0000025b5bfce3e0,
0x0000025b5bf9f730, 0x0000025b5c164ec0, 0x0000025b5ca621a0, 0x0000025b5ce77390,
0x0000025b5d061990
}

Java Threads: ( => current thread )
=>0x0000025b32de6d20 JavaThread "main" [_thread_in_native, id=6464, stack(0x000000b628300000,0x000000b628400000)]
  0x0000025b3300ea20 JavaThread "Reference Handler" daemon [_thread_blocked, id=10920, stack(0x000000b628a00000,0x000000b628b00000)]
  0x0000025b5bc5c520 JavaThread "Finalizer" daemon [_thread_blocked, id=5372, stack(0x000000b628b00000,0x000000b628c00000)]
  0x0000025b5bc2d450 JavaThread "Signal Dispatcher" daemon [_thread_blocked, id=6812, stack(0x000000b628c00000,0x000000b628d00000)]
  0x0000025b5bc83020 JavaThread "Attach Listener" daemon [_thread_blocked, id=7592, stack(0x000000b628d00000,0x000000b628e00000)]
  0x0000025b5bc848f0 JavaThread "Service Thread" daemon [_thread_blocked, id=6520, stack(0x000000b628e00000,0x000000b628f00000)]
  0x0000025b5bc851b0 JavaThread "C2 CompilerThread0" daemon [_thread_blocked, id=9544, stack(0x000000b628f00000,0x000000b629000000)]
  0x0000025b5bc9b2a0 JavaThread "C1 CompilerThread0" daemon [_thread_blocked, id=5576, stack(0x000000b629000000,0x000000b629100000)]
  0x0000025b5bca14a0 JavaThread "Sweeper thread" daemon [_thread_blocked, id=3136, stack(0x000000b629100000,0x000000b629200000)]
  0x0000025b5bdab890 JavaThread "Common-Cleaner" daemon [_thread_blocked, id=4392, stack(0x000000b629200000,0x000000b629300000)]
  0x0000025b5bfa42b0 JavaThread "JDWP Transport Listener: dt_socket" daemon [_thread_blocked, id=10496, stack(0x000000b629300000,0x000000b629400000)]
  0x0000025b5bfce3e0 JavaThread "JDWP Event Helper Thread" daemon [_thread_blocked, id=608, stack(0x000000b629400000,0x000000b629500000)]
  0x0000025b5bf9f730 JavaThread "JDWP Command Reader" daemon [_thread_in_native, id=1968, stack(0x000000b629500000,0x000000b629600000)]
  0x0000025b5c164ec0 JavaThread "Notification Thread" daemon [_thread_blocked, id=10188, stack(0x000000b629700000,0x000000b629800000)]
  0x0000025b5ca621a0 JavaThread "Java2D Disposer" daemon [_thread_blocked, id=6368, stack(0x000000b629c00000,0x000000b629d00000)]
  0x0000025b5ce77390 JavaThread "LWJGL Timer" daemon [_thread_blocked, id=7700, stack(0x000000b62a000000,0x000000b62a100000)]
  0x0000025b5d061990 JavaThread "C2 CompilerThread1" daemon [_thread_blocked, id=10180, stack(0x000000b62a100000,0x000000b62a200000)]

Other Threads:
  0x0000025b3300e300 VMThread "VM Thread" [stack: 0x000000b628900000,0x000000b628a00000] [id=9332]
  0x0000025b32de7a60 WatcherThread [stack: 0x000000b629800000,0x000000b629900000] [id=3748]
  0x0000025b32e576c0 GCTaskThread "GC Thread#0" [stack: 0x000000b628400000,0x000000b628500000] [id=8776]
  0x0000025b5bf38a60 GCTaskThread "GC Thread#1" [stack: 0x000000b629d00000,0x000000b629e00000] [id=11128]
  0x0000025b5bf38400 GCTaskThread "GC Thread#2" [stack: 0x000000b629e00000,0x000000b629f00000] [id=10356]
  0x0000025b5bf39a50 GCTaskThread "GC Thread#3" [stack: 0x000000b629f00000,0x000000b62a000000] [id=7112]
  0x0000025b32e69320 ConcurrentGCThread "G1 Main Marker" [stack: 0x000000b628500000,0x000000b628600000] [id=8620]
  0x0000025b32e6a2e0 ConcurrentGCThread "G1 Conc#0" [stack: 0x000000b628600000,0x000000b628700000] [id=10192]
  0x0000025b32f33480 ConcurrentGCThread "G1 Refine#0" [stack: 0x000000b628700000,0x000000b628800000] [id=10292]
  0x0000025b32f34080 ConcurrentGCThread "G1 Young RemSet Sampling" [stack: 0x000000b628800000,0x000000b628900000] [id=9908]

Threads with active compile tasks:

VM state: not at safepoint (normal execution)

VM Mutex/Monitor currently owned by a thread: None

Heap address: 0x0000000601400000, size: 8172 MB, Compressed Oops mode: Zero based, Oop shift amount: 3
CDS disabled.
Compressed class space mapped at: 0x0000000800000000-0x0000000840000000, size: 1073741824
Narrow klass base: 0x0000000800000000, Narrow klass shift: 0, Narrow klass range: 0x40000000

GC Precious Log:
 CPUs: 4 total, 4 available
 Memory: 32681M
 Large Page Support: Disabled
 NUMA Support: Disabled
 Compressed Oops: Enabled (Zero based)
 Heap Region Size: 4M
 Heap Min Capacity: 8M
 Heap Initial Capacity: 512M
 Heap Max Capacity: 8172M
 Pre-touch: Disabled
 Parallel Workers: 4
 Concurrent Workers: 1
 Concurrent Refinement Workers: 4
 Periodic GC: Disabled

Heap:
 garbage-first heap   total 524288K, used 331172K [0x0000000601400000, 0x0000000800000000)
  region size 4096K, 33 young (135168K), 1 survivors (4096K)
 Metaspace       used 16175K, capacity 16341K, committed 16512K, reserved 1064960K
  class space    used 1360K, capacity 1400K, committed 1408K, reserved 1048576K

Heap Regions: E=young(eden), S=young(survivor), O=old, HS=humongous(starts), HC=humongous(continues), CS=collection set, F=free, OA=open archive, CA=closed archive, TAMS=top-at-mark-start (previous, next)
|   0|0x0000000601400000, 0x0000000601800000, 0x0000000601800000|100%|HS|  |TAMS 0x0000000601400000, 0x0000000601400000| Complete 
|   1|0x0000000601800000, 0x0000000601c00000, 0x0000000601c00000|100%|HC|  |TAMS 0x0000000601800000, 0x0000000601800000| Complete 
|   2|0x0000000601c00000, 0x0000000602000000, 0x0000000602000000|100%|HC|  |TAMS 0x0000000601c00000, 0x0000000601c00000| Complete 
|   3|0x0000000602000000, 0x0000000602400000, 0x0000000602400000|100%|HC|  |TAMS 0x0000000602000000, 0x0000000602000000| Complete 
|   4|0x0000000602400000, 0x0000000602800000, 0x0000000602800000|100%|HC|  |TAMS 0x0000000602400000, 0x0000000602400000| Complete 
|   5|0x0000000602800000, 0x0000000602c00000, 0x0000000602c00000|100%|HC|  |TAMS 0x0000000602800000, 0x0000000602800000| Complete 
|   6|0x0000000602c00000, 0x0000000603000000, 0x0000000603000000|100%|HC|  |TAMS 0x0000000602c00000, 0x0000000602c00000| Complete 
|   7|0x0000000603000000, 0x0000000603400000, 0x0000000603400000|100%|HC|  |TAMS 0x0000000603000000, 0x0000000603000000| Complete 
|   8|0x0000000603400000, 0x0000000603800000, 0x0000000603800000|100%|HC|  |TAMS 0x0000000603400000, 0x0000000603400000| Complete 
|   9|0x0000000603800000, 0x0000000603c00000, 0x0000000603c00000|100%|HC|  |TAMS 0x0000000603800000, 0x0000000603800000| Complete 
|  10|0x0000000603c00000, 0x0000000603f41600, 0x0000000604000000| 81%| O|  |TAMS 0x0000000603c00000, 0x0000000603c00000| Untracked 
|  11|0x0000000604000000, 0x0000000604400000, 0x0000000604400000|100%|HS|  |TAMS 0x0000000604000000, 0x0000000604000000| Complete 
|  12|0x0000000604400000, 0x0000000604800000, 0x0000000604800000|100%|HC|  |TAMS 0x0000000604400000, 0x0000000604400000| Complete 
|  13|0x0000000604800000, 0x0000000604c00000, 0x0000000604c00000|100%|HC|  |TAMS 0x0000000604800000, 0x0000000604800000| Complete 
|  14|0x0000000604c00000, 0x0000000605000000, 0x0000000605000000|100%|HC|  |TAMS 0x0000000604c00000, 0x0000000604c00000| Complete 
|  15|0x0000000605000000, 0x0000000605400000, 0x0000000605400000|100%|HC|  |TAMS 0x0000000605000000, 0x0000000605000000| Complete 
|  16|0x0000000605400000, 0x0000000605800000, 0x0000000605800000|100%|HC|  |TAMS 0x0000000605400000, 0x0000000605400000| Complete 
|  17|0x0000000605800000, 0x0000000605c00000, 0x0000000605c00000|100%|HC|  |TAMS 0x0000000605800000, 0x0000000605800000| Complete 
|  18|0x0000000605c00000, 0x0000000606000000, 0x0000000606000000|100%|HC|  |TAMS 0x0000000605c00000, 0x0000000605c00000| Complete 
|  19|0x0000000606000000, 0x0000000606400000, 0x0000000606400000|100%|HC|  |TAMS 0x0000000606000000, 0x0000000606000000| Complete 
|  20|0x0000000606400000, 0x0000000606800000, 0x0000000606800000|100%|HC|  |TAMS 0x0000000606400000, 0x0000000606400000| Complete 
|  21|0x0000000606800000, 0x0000000606c00000, 0x0000000606c00000|100%|HC|  |TAMS 0x0000000606800000, 0x0000000606800000| Complete 
|  22|0x0000000606c00000, 0x0000000607000000, 0x0000000607000000|100%|HC|  |TAMS 0x0000000606c00000, 0x0000000606c00000| Complete 
|  23|0x0000000607000000, 0x0000000607400000, 0x0000000607400000|100%|HC|  |TAMS 0x0000000607000000, 0x0000000607000000| Complete 
|  24|0x0000000607400000, 0x0000000607800000, 0x0000000607800000|100%|HS|  |TAMS 0x0000000607400000, 0x0000000607400000| Complete 
|  25|0x0000000607800000, 0x0000000607c00000, 0x0000000607c00000|100%|HC|  |TAMS 0x0000000607800000, 0x0000000607800000| Complete 
|  26|0x0000000607c00000, 0x0000000608000000, 0x0000000608000000|100%|HC|  |TAMS 0x0000000607c00000, 0x0000000607c00000| Complete 
|  27|0x0000000608000000, 0x0000000608400000, 0x0000000608400000|100%|HC|  |TAMS 0x0000000608000000, 0x0000000608000000| Complete 
|  28|0x0000000608400000, 0x0000000608800000, 0x0000000608800000|100%|HC|  |TAMS 0x0000000608400000, 0x0000000608400000| Complete 
|  29|0x0000000608800000, 0x0000000608c00000, 0x0000000608c00000|100%|HC|  |TAMS 0x0000000608800000, 0x0000000608800000| Complete 
|  30|0x0000000608c00000, 0x0000000609000000, 0x0000000609000000|100%|HC|  |TAMS 0x0000000608c00000, 0x0000000608c00000| Complete 
|  31|0x0000000609000000, 0x0000000609400000, 0x0000000609400000|100%|HC|  |TAMS 0x0000000609000000, 0x0000000609000000| Complete 
|  32|0x0000000609400000, 0x0000000609800000, 0x0000000609800000|100%|HC|  |TAMS 0x0000000609400000, 0x0000000609400000| Complete 
|  33|0x0000000609800000, 0x0000000609c00000, 0x0000000609c00000|100%|HC|  |TAMS 0x0000000609800000, 0x0000000609800000| Complete 
|  34|0x0000000609c00000, 0x000000060a000000, 0x000000060a000000|100%|HC|  |TAMS 0x0000000609c00000, 0x0000000609c00000| Complete 
|  35|0x000000060a000000, 0x000000060a400000, 0x000000060a400000|100%|HC|  |TAMS 0x000000060a000000, 0x000000060a000000| Complete 
|  36|0x000000060a400000, 0x000000060a800000, 0x000000060a800000|100%|HC|  |TAMS 0x000000060a400000, 0x000000060a400000| Complete 
|  37|0x000000060a800000, 0x000000060ac00000, 0x000000060ac00000|100%|HS|  |TAMS 0x000000060a800000, 0x000000060a800000| Complete 
|  38|0x000000060ac00000, 0x000000060b000000, 0x000000060b000000|100%|HC|  |TAMS 0x000000060ac00000, 0x000000060ac00000| Complete 
|  39|0x000000060b000000, 0x000000060b400000, 0x000000060b400000|100%|HC|  |TAMS 0x000000060b000000, 0x000000060b000000| Complete 
|  40|0x000000060b400000, 0x000000060b800000, 0x000000060b800000|100%|HC|  |TAMS 0x000000060b400000, 0x000000060b400000| Complete 
|  41|0x000000060b800000, 0x000000060bc00000, 0x000000060bc00000|100%|HC|  |TAMS 0x000000060b800000, 0x000000060b800000| Complete 
|  42|0x000000060bc00000, 0x000000060c000000, 0x000000060c000000|100%|HC|  |TAMS 0x000000060bc00000, 0x000000060bc00000| Complete 
|  43|0x000000060c000000, 0x000000060c400000, 0x000000060c400000|100%|HC|  |TAMS 0x000000060c000000, 0x000000060c000000| Complete 
|  44|0x000000060c400000, 0x000000060c800000, 0x000000060c800000|100%|HC|  |TAMS 0x000000060c400000, 0x000000060c400000| Complete 
|  45|0x000000060c800000, 0x000000060cc00000, 0x000000060cc00000|100%|HC|  |TAMS 0x000000060c800000, 0x000000060c800000| Complete 
|  46|0x000000060cc00000, 0x000000060d000000, 0x000000060d000000|100%|HC|  |TAMS 0x000000060cc00000, 0x000000060cc00000| Complete 
|  47|0x000000060d000000, 0x000000060d400000, 0x000000060d400000|100%|HC|  |TAMS 0x000000060d000000, 0x000000060d000000| Complete 
|  48|0x000000060d400000, 0x000000060d800000, 0x000000060d800000|100%|HC|  |TAMS 0x000000060d400000, 0x000000060d400000| Complete 
|  49|0x000000060d800000, 0x000000060dc00000, 0x000000060dc00000|100%|HC|  |TAMS 0x000000060d800000, 0x000000060d800000| Complete 
|  50|0x000000060dc00000, 0x000000060dc00000, 0x000000060e000000|  0%| F|  |TAMS 0x000000060dc00000, 0x000000060dc00000| Untracked 
|  51|0x000000060e000000, 0x000000060e000000, 0x000000060e400000|  0%| F|  |TAMS 0x000000060e000000, 0x000000060e000000| Untracked 
|  52|0x000000060e400000, 0x000000060e400000, 0x000000060e800000|  0%| F|  |TAMS 0x000000060e400000, 0x000000060e400000| Untracked 
|  53|0x000000060e800000, 0x000000060e800000, 0x000000060ec00000|  0%| F|  |TAMS 0x000000060e800000, 0x000000060e800000| Untracked 
|  54|0x000000060ec00000, 0x000000060ec00000, 0x000000060f000000|  0%| F|  |TAMS 0x000000060ec00000, 0x000000060ec00000| Untracked 
|  55|0x000000060f000000, 0x000000060f000000, 0x000000060f400000|  0%| F|  |TAMS 0x000000060f000000, 0x000000060f000000| Untracked 
|  56|0x000000060f400000, 0x000000060f400000, 0x000000060f800000|  0%| F|  |TAMS 0x000000060f400000, 0x000000060f400000| Untracked 
|  57|0x000000060f800000, 0x000000060f800000, 0x000000060fc00000|  0%| F|  |TAMS 0x000000060f800000, 0x000000060f800000| Untracked 
|  58|0x000000060fc00000, 0x000000060fc00000, 0x0000000610000000|  0%| F|  |TAMS 0x000000060fc00000, 0x000000060fc00000| Untracked 
|  59|0x0000000610000000, 0x0000000610000000, 0x0000000610400000|  0%| F|  |TAMS 0x0000000610000000, 0x0000000610000000| Untracked 
|  60|0x0000000610400000, 0x0000000610400000, 0x0000000610800000|  0%| F|  |TAMS 0x0000000610400000, 0x0000000610400000| Untracked 
|  61|0x0000000610800000, 0x0000000610800000, 0x0000000610c00000|  0%| F|  |TAMS 0x0000000610800000, 0x0000000610800000| Untracked 
|  62|0x0000000610c00000, 0x0000000610c00000, 0x0000000611000000|  0%| F|  |TAMS 0x0000000610c00000, 0x0000000610c00000| Untracked 
|  63|0x0000000611000000, 0x0000000611000000, 0x0000000611400000|  0%| F|  |TAMS 0x0000000611000000, 0x0000000611000000| Untracked 
|  64|0x0000000611400000, 0x0000000611427ac0, 0x0000000611800000|  3%| S|CS|TAMS 0x0000000611400000, 0x0000000611400000| Complete 
|  65|0x0000000611800000, 0x0000000611800000, 0x0000000611c00000|  0%| F|  |TAMS 0x0000000611800000, 0x0000000611800000| Untracked 
|  66|0x0000000611c00000, 0x0000000611c00000, 0x0000000612000000|  0%| F|  |TAMS 0x0000000611c00000, 0x0000000611c00000| Untracked 
|  67|0x0000000612000000, 0x0000000612000000, 0x0000000612400000|  0%| F|  |TAMS 0x0000000612000000, 0x0000000612000000| Untracked 
|  68|0x0000000612400000, 0x0000000612400000, 0x0000000612800000|  0%| F|  |TAMS 0x0000000612400000, 0x0000000612400000| Untracked 
|  69|0x0000000612800000, 0x0000000612800000, 0x0000000612c00000|  0%| F|  |TAMS 0x0000000612800000, 0x0000000612800000| Untracked 
|  70|0x0000000612c00000, 0x0000000612c00000, 0x0000000613000000|  0%| F|  |TAMS 0x0000000612c00000, 0x0000000612c00000| Untracked 
|  71|0x0000000613000000, 0x0000000613000000, 0x0000000613400000|  0%| F|  |TAMS 0x0000000613000000, 0x0000000613000000| Untracked 
|  72|0x0000000613400000, 0x0000000613400000, 0x0000000613800000|  0%| F|  |TAMS 0x0000000613400000, 0x0000000613400000| Untracked 
|  73|0x0000000613800000, 0x0000000613800000, 0x0000000613c00000|  0%| F|  |TAMS 0x0000000613800000, 0x0000000613800000| Untracked 
|  74|0x0000000613c00000, 0x0000000613c00000, 0x0000000614000000|  0%| F|  |TAMS 0x0000000613c00000, 0x0000000613c00000| Untracked 
|  75|0x0000000614000000, 0x0000000614000000, 0x0000000614400000|  0%| F|  |TAMS 0x0000000614000000, 0x0000000614000000| Untracked 
|  76|0x0000000614400000, 0x0000000614400000, 0x0000000614800000|  0%| F|  |TAMS 0x0000000614400000, 0x0000000614400000| Untracked 
|  77|0x0000000614800000, 0x0000000614800000, 0x0000000614c00000|  0%| F|  |TAMS 0x0000000614800000, 0x0000000614800000| Untracked 
|  78|0x0000000614c00000, 0x0000000614c00000, 0x0000000615000000|  0%| F|  |TAMS 0x0000000614c00000, 0x0000000614c00000| Untracked 
|  79|0x0000000615000000, 0x0000000615000000, 0x0000000615400000|  0%| F|  |TAMS 0x0000000615000000, 0x0000000615000000| Untracked 
|  80|0x0000000615400000, 0x0000000615400000, 0x0000000615800000|  0%| F|  |TAMS 0x0000000615400000, 0x0000000615400000| Untracked 
|  81|0x0000000615800000, 0x0000000615800000, 0x0000000615c00000|  0%| F|  |TAMS 0x0000000615800000, 0x0000000615800000| Untracked 
|  82|0x0000000615c00000, 0x0000000615c00000, 0x0000000616000000|  0%| F|  |TAMS 0x0000000615c00000, 0x0000000615c00000| Untracked 
|  83|0x0000000616000000, 0x0000000616000000, 0x0000000616400000|  0%| F|  |TAMS 0x0000000616000000, 0x0000000616000000| Untracked 
|  84|0x0000000616400000, 0x0000000616400000, 0x0000000616800000|  0%| F|  |TAMS 0x0000000616400000, 0x0000000616400000| Untracked 
|  85|0x0000000616800000, 0x0000000616800000, 0x0000000616c00000|  0%| F|  |TAMS 0x0000000616800000, 0x0000000616800000| Untracked 
|  86|0x0000000616c00000, 0x0000000616c00000, 0x0000000617000000|  0%| F|  |TAMS 0x0000000616c00000, 0x0000000616c00000| Untracked 
|  87|0x0000000617000000, 0x0000000617000000, 0x0000000617400000|  0%| F|  |TAMS 0x0000000617000000, 0x0000000617000000| Untracked 
|  88|0x0000000617400000, 0x0000000617400000, 0x0000000617800000|  0%| F|  |TAMS 0x0000000617400000, 0x0000000617400000| Untracked 
|  89|0x0000000617800000, 0x0000000617800000, 0x0000000617c00000|  0%| F|  |TAMS 0x0000000617800000, 0x0000000617800000| Untracked 
|  90|0x0000000617c00000, 0x0000000617c00000, 0x0000000618000000|  0%| F|  |TAMS 0x0000000617c00000, 0x0000000617c00000| Untracked 
|  91|0x0000000618000000, 0x0000000618000000, 0x0000000618400000|  0%| F|  |TAMS 0x0000000618000000, 0x0000000618000000| Untracked 
|  92|0x0000000618400000, 0x0000000618400000, 0x0000000618800000|  0%| F|  |TAMS 0x0000000618400000, 0x0000000618400000| Untracked 
|  93|0x0000000618800000, 0x0000000618800000, 0x0000000618c00000|  0%| F|  |TAMS 0x0000000618800000, 0x0000000618800000| Untracked 
|  94|0x0000000618c00000, 0x0000000618c00000, 0x0000000619000000|  0%| F|  |TAMS 0x0000000618c00000, 0x0000000618c00000| Untracked 
|  95|0x0000000619000000, 0x0000000619000000, 0x0000000619400000|  0%| F|  |TAMS 0x0000000619000000, 0x0000000619000000| Untracked 
|  96|0x0000000619400000, 0x0000000619800000, 0x0000000619800000|100%| E|  |TAMS 0x0000000619400000, 0x0000000619400000| Complete 
|  97|0x0000000619800000, 0x0000000619c00000, 0x0000000619c00000|100%| E|CS|TAMS 0x0000000619800000, 0x0000000619800000| Complete 
|  98|0x0000000619c00000, 0x000000061a000000, 0x000000061a000000|100%| E|CS|TAMS 0x0000000619c00000, 0x0000000619c00000| Complete 
|  99|0x000000061a000000, 0x000000061a400000, 0x000000061a400000|100%| E|CS|TAMS 0x000000061a000000, 0x000000061a000000| Complete 
| 100|0x000000061a400000, 0x000000061a800000, 0x000000061a800000|100%| E|CS|TAMS 0x000000061a400000, 0x000000061a400000| Complete 
| 101|0x000000061a800000, 0x000000061ac00000, 0x000000061ac00000|100%| E|CS|TAMS 0x000000061a800000, 0x000000061a800000| Complete 
| 102|0x000000061ac00000, 0x000000061b000000, 0x000000061b000000|100%| E|CS|TAMS 0x000000061ac00000, 0x000000061ac00000| Complete 
| 103|0x000000061b000000, 0x000000061b400000, 0x000000061b400000|100%| E|CS|TAMS 0x000000061b000000, 0x000000061b000000| Complete 
| 104|0x000000061b400000, 0x000000061b800000, 0x000000061b800000|100%| E|CS|TAMS 0x000000061b400000, 0x000000061b400000| Complete 
| 105|0x000000061b800000, 0x000000061bc00000, 0x000000061bc00000|100%| E|CS|TAMS 0x000000061b800000, 0x000000061b800000| Complete 
| 106|0x000000061bc00000, 0x000000061c000000, 0x000000061c000000|100%| E|CS|TAMS 0x000000061bc00000, 0x000000061bc00000| Complete 
| 107|0x000000061c000000, 0x000000061c400000, 0x000000061c400000|100%| E|CS|TAMS 0x000000061c000000, 0x000000061c000000| Complete 
| 108|0x000000061c400000, 0x000000061c800000, 0x000000061c800000|100%| E|CS|TAMS 0x000000061c400000, 0x000000061c400000| Complete 
| 109|0x000000061c800000, 0x000000061cc00000, 0x000000061cc00000|100%| E|CS|TAMS 0x000000061c800000, 0x000000061c800000| Complete 
| 110|0x000000061cc00000, 0x000000061d000000, 0x000000061d000000|100%| E|CS|TAMS 0x000000061cc00000, 0x000000061cc00000| Complete 
| 111|0x000000061d000000, 0x000000061d400000, 0x000000061d400000|100%| E|CS|TAMS 0x000000061d000000, 0x000000061d000000| Complete 
| 112|0x000000061d400000, 0x000000061d800000, 0x000000061d800000|100%| E|CS|TAMS 0x000000061d400000, 0x000000061d400000| Complete 
| 113|0x000000061d800000, 0x000000061dc00000, 0x000000061dc00000|100%| E|CS|TAMS 0x000000061d800000, 0x000000061d800000| Complete 
| 114|0x000000061dc00000, 0x000000061e000000, 0x000000061e000000|100%| E|CS|TAMS 0x000000061dc00000, 0x000000061dc00000| Complete 
| 115|0x000000061e000000, 0x000000061e400000, 0x000000061e400000|100%| E|CS|TAMS 0x000000061e000000, 0x000000061e000000| Complete 
| 116|0x000000061e400000, 0x000000061e800000, 0x000000061e800000|100%| E|CS|TAMS 0x000000061e400000, 0x000000061e400000| Complete 
| 117|0x000000061e800000, 0x000000061ec00000, 0x000000061ec00000|100%| E|CS|TAMS 0x000000061e800000, 0x000000061e800000| Complete 
| 118|0x000000061ec00000, 0x000000061f000000, 0x000000061f000000|100%| E|CS|TAMS 0x000000061ec00000, 0x000000061ec00000| Complete 
| 119|0x000000061f000000, 0x000000061f400000, 0x000000061f400000|100%| E|CS|TAMS 0x000000061f000000, 0x000000061f000000| Complete 
| 120|0x000000061f400000, 0x000000061f800000, 0x000000061f800000|100%| E|CS|TAMS 0x000000061f400000, 0x000000061f400000| Complete 
| 121|0x000000061f800000, 0x000000061fc00000, 0x000000061fc00000|100%| E|CS|TAMS 0x000000061f800000, 0x000000061f800000| Complete 
| 122|0x000000061fc00000, 0x0000000620000000, 0x0000000620000000|100%| E|CS|TAMS 0x000000061fc00000, 0x000000061fc00000| Complete 
| 123|0x0000000620000000, 0x0000000620400000, 0x0000000620400000|100%| E|CS|TAMS 0x0000000620000000, 0x0000000620000000| Complete 
| 124|0x0000000620400000, 0x0000000620800000, 0x0000000620800000|100%| E|CS|TAMS 0x0000000620400000, 0x0000000620400000| Complete 
| 125|0x0000000620800000, 0x0000000620c00000, 0x0000000620c00000|100%| E|CS|TAMS 0x0000000620800000, 0x0000000620800000| Complete 
| 126|0x0000000620c00000, 0x0000000621000000, 0x0000000621000000|100%| E|CS|TAMS 0x0000000620c00000, 0x0000000620c00000| Complete 
| 127|0x0000000621000000, 0x0000000621400000, 0x0000000621400000|100%| E|CS|TAMS 0x0000000621000000, 0x0000000621000000| Complete 

Card table byte_map: [0x0000025b46f70000,0x0000025b47f70000] _byte_map_base: 0x0000025b43f66000

Marking Bits (Prev, Next): (CMBitMap*) 0x0000025b32e57eb0, (CMBitMap*) 0x0000025b32e57ef0
 Prev Bits: [0x0000025b48f70000, 0x0000025b50f20000)
 Next Bits: [0x0000025b50f20000, 0x0000025b58ed0000)

Polling page: 0x0000025b324a0000

Metaspace:

Usage:
  Non-class:     14.59 MB capacity,    14.47 MB (>99%) used,   109.85 KB ( <1%) free+waste,    16.06 KB ( <1%) overhead. 
      Class:      1.37 MB capacity,     1.33 MB ( 97%) used,    34.52 KB (  2%) free+waste,     4.81 KB ( <1%) overhead. 
       Both:     15.96 MB capacity,    15.80 MB ( 99%) used,   144.37 KB ( <1%) free+waste,    20.88 KB ( <1%) overhead. 

Virtual space:
  Non-class space:       16.00 MB reserved,      14.75 MB ( 92%) committed 
      Class space:        1.00 GB reserved,       1.38 MB ( <1%) committed 
             Both:        1.02 GB reserved,      16.13 MB (  2%) committed 

Chunk freelists:
   Non-Class:  35.00 KB
       Class:  8.00 KB
        Both:  43.00 KB

MaxMetaspaceSize: 17179869184.00 GB
CompressedClassSpaceSize: 1.00 GB

CodeHeap 'non-profiled nmethods': size=120000Kb used=678Kb max_used=678Kb free=119321Kb
 bounds [0x0000025b3e420000, 0x0000025b3e690000, 0x0000025b45950000]
CodeHeap 'profiled nmethods': size=120000Kb used=2513Kb max_used=2513Kb free=117486Kb
 bounds [0x0000025b36ef0000, 0x0000025b37170000, 0x0000025b3e420000]
CodeHeap 'non-nmethods': size=5760Kb used=1394Kb max_used=1446Kb free=4365Kb
 bounds [0x0000025b36950000, 0x0000025b36bc0000, 0x0000025b36ef0000]
 total_blobs=2058 nmethods=1450 adapters=521
 compilation: enabled
              stopped_count=0, restarted_count=0
 full_count=0

Compilation events (20 events):
Event: 2.512 Thread 0x0000025b5bc9b2a0 1441       3       java.nio.IntBuffer::limit (6 bytes)
Event: 2.512 Thread 0x0000025b5bc9b2a0 nmethod 1441 0x0000025b3715e490 code [0x0000025b3715e640, 0x0000025b3715e7e8]
Event: 2.512 Thread 0x0000025b5bc9b2a0 1442       3       java.nio.IntBuffer::limit (8 bytes)
Event: 2.512 Thread 0x0000025b5bc9b2a0 nmethod 1442 0x0000025b3715e890 code [0x0000025b3715ea40, 0x0000025b3715eb88]
Event: 2.512 Thread 0x0000025b5bc9b2a0 1443       3       java.nio.IntBuffer::<init> (14 bytes)
Event: 2.512 Thread 0x0000025b5bc9b2a0 nmethod 1443 0x0000025b3715ec10 code [0x0000025b3715edc0, 0x0000025b3715ef48]
Event: 2.513 Thread 0x0000025b5bc9b2a0 1444       3       GraphicsObjects.vertex_buffer::<init> (5 bytes)
Event: 2.513 Thread 0x0000025b5bc9b2a0 nmethod 1444 0x0000025b3715f010 code [0x0000025b3715f1a0, 0x0000025b3715f2f8]
Event: 2.513 Thread 0x0000025b5bc9b2a0 1445       3       GraphicsObjects.vertex_buffer::begin (14 bytes)
Event: 2.513 Thread 0x0000025b5bc9b2a0 nmethod 1445 0x0000025b3715f390 code [0x0000025b3715f580, 0x0000025b3715f9f8]
Event: 2.513 Thread 0x0000025b5bc9b2a0 1447       3       java.util.Formatter$FormatSpecifier::localizedMagnitude (419 bytes)
Event: 2.515 Thread 0x0000025b5bc9b2a0 nmethod 1447 0x0000025b3715fb90 code [0x0000025b3715ff60, 0x0000025b37161a88]
Event: 2.515 Thread 0x0000025b5bc9b2a0 1446       3       GraphicsObjects.vertex_buffer::allocIntBuffer (20 bytes)
Event: 2.515 Thread 0x0000025b5bc9b2a0 nmethod 1446 0x0000025b37162990 code [0x0000025b37162b60, 0x0000025b37162ea8]
Event: 2.529 Thread 0x0000025b5bc9b2a0 1449       1       jdk.internal.math.FloatingDecimal$BinaryToASCIIBuffer::setSign (6 bytes)
Event: 2.529 Thread 0x0000025b5bc9b2a0 nmethod 1449 0x0000025b3e4b9d10 code [0x0000025b3e4b9ea0, 0x0000025b3e4b9f58]
Event: 2.529 Thread 0x0000025b5bc9b2a0 1450       3       java.util.Formatter::checkText (58 bytes)
Event: 2.530 Thread 0x0000025b5bc9b2a0 nmethod 1450 0x0000025b37163010 code [0x0000025b371632c0, 0x0000025b37163f58]
Event: 2.542 Thread 0x0000025b5d061990 nmethod 1414% 0x0000025b3e4ba010 code [0x0000025b3e4ba640, 0x0000025b3e4c1710]
Event: 2.543 Thread 0x0000025b5d061990 1448       4       org.lwjgl.opengl.GL11::glDisable (22 bytes)

GC Heap History (8 events):
Event: 0.940 GC heap before
{Heap before GC invocations=0 (full 0):
 garbage-first heap   total 524288K, used 61440K [0x0000000601400000, 0x0000000800000000)
  region size 4096K, 6 young (24576K), 0 survivors (0K)
 Metaspace       used 14509K, capacity 14677K, committed 14848K, reserved 1062912K
  class space    used 1219K, capacity 1272K, committed 1280K, reserved 1048576K
}
Event: 0.944 GC heap after
{Heap after GC invocations=1 (full 0):
 garbage-first heap   total 524288K, used 44418K [0x0000000601400000, 0x0000000800000000)
  region size 4096K, 1 young (4096K), 1 survivors (4096K)
 Metaspace       used 14509K, capacity 14677K, committed 14848K, reserved 1062912K
  class space    used 1219K, capacity 1272K, committed 1280K, reserved 1048576K
}
Event: 1.021 GC heap before
{Heap before GC invocations=1 (full 0):
 garbage-first heap   total 524288K, used 64898K [0x0000000601400000, 0x0000000800000000)
  region size 4096K, 6 young (24576K), 1 survivors (4096K)
 Metaspace       used 14527K, capacity 14677K, committed 14848K, reserved 1062912K
  class space    used 1219K, capacity 1272K, committed 1280K, reserved 1048576K
}
Event: 1.024 GC heap after
{Heap after GC invocations=2 (full 0):
 garbage-first heap   total 524288K, used 44293K [0x0000000601400000, 0x0000000800000000)
  region size 4096K, 0 young (0K), 0 survivors (0K)
 Metaspace       used 14527K, capacity 14677K, committed 14848K, reserved 1062912K
  class space    used 1219K, capacity 1272K, committed 1280K, reserved 1048576K
}
Event: 1.630 GC heap before
{Heap before GC invocations=2 (full 0):
 garbage-first heap   total 524288K, used 244997K [0x0000000601400000, 0x0000000800000000)
  region size 4096K, 10 young (40960K), 0 survivors (0K)
 Metaspace       used 15920K, capacity 16085K, committed 16256K, reserved 1064960K
  class space    used 1349K, capacity 1400K, committed 1408K, reserved 1048576K
}
Event: 1.631 GC heap after
{Heap after GC invocations=3 (full 0):
 garbage-first heap   total 524288K, used 204239K [0x0000000601400000, 0x0000000800000000)
  region size 4096K, 1 young (4096K), 1 survivors (4096K)
 Metaspace       used 15920K, capacity 16085K, committed 16256K, reserved 1064960K
  class space    used 1349K, capacity 1400K, committed 1408K, reserved 1048576K
}
Event: 1.895 GC heap before
{Heap before GC invocations=3 (full 0):
 garbage-first heap   total 524288K, used 458191K [0x0000000601400000, 0x0000000800000000)
  region size 4096K, 63 young (258048K), 1 survivors (4096K)
 Metaspace       used 15920K, capacity 16085K, committed 16256K, reserved 1064960K
  class space    used 1349K, capacity 1400K, committed 1408K, reserved 1048576K
}
Event: 1.896 GC heap after
{Heap after GC invocations=4 (full 0):
 garbage-first heap   total 524288K, used 204196K [0x0000000601400000, 0x0000000800000000)
  region size 4096K, 1 young (4096K), 1 survivors (4096K)
 Metaspace       used 15920K, capacity 16085K, committed 16256K, reserved 1064960K
  class space    used 1349K, capacity 1400K, committed 1408K, reserved 1048576K
}

Deoptimization events (20 events):
Event: 1.990 Thread 0x0000025b32de6d20 DEOPT PACKING pc=0x0000025b370dc5f7 sp=0x000000b6283fe7c0
Event: 1.990 Thread 0x0000025b32de6d20 DEOPT UNPACKING pc=0x0000025b3699e23f sp=0x000000b6283fdce8 mode 0
Event: 2.303 Thread 0x0000025b32de6d20 DEOPT PACKING pc=0x0000025b371210a1 sp=0x000000b6283ff590
Event: 2.303 Thread 0x0000025b32de6d20 DEOPT UNPACKING pc=0x0000025b3699e23f sp=0x000000b6283fea68 mode 0
Event: 2.308 Thread 0x0000025b32de6d20 DEOPT PACKING pc=0x0000025b371202ed sp=0x000000b6283ff500
Event: 2.308 Thread 0x0000025b32de6d20 DEOPT UNPACKING pc=0x0000025b3699e23f sp=0x000000b6283fea68 mode 0
Event: 2.321 Thread 0x0000025b32de6d20 DEOPT PACKING pc=0x0000025b371210a1 sp=0x000000b6283ff590
Event: 2.321 Thread 0x0000025b32de6d20 DEOPT UNPACKING pc=0x0000025b3699e23f sp=0x000000b6283fea68 mode 0
Event: 2.325 Thread 0x0000025b32de6d20 DEOPT PACKING pc=0x0000025b371202ed sp=0x000000b6283ff500
Event: 2.325 Thread 0x0000025b32de6d20 DEOPT UNPACKING pc=0x0000025b3699e23f sp=0x000000b6283fea68 mode 0
Event: 2.338 Thread 0x0000025b32de6d20 DEOPT PACKING pc=0x0000025b371210a1 sp=0x000000b6283ff590
Event: 2.338 Thread 0x0000025b32de6d20 DEOPT UNPACKING pc=0x0000025b3699e23f sp=0x000000b6283fea68 mode 0
Event: 2.343 Thread 0x0000025b32de6d20 DEOPT PACKING pc=0x0000025b371202ed sp=0x000000b6283ff500
Event: 2.343 Thread 0x0000025b32de6d20 DEOPT UNPACKING pc=0x0000025b3699e23f sp=0x000000b6283fea68 mode 0
Event: 2.355 Thread 0x0000025b32de6d20 DEOPT PACKING pc=0x0000025b371210a1 sp=0x000000b6283ff590
Event: 2.355 Thread 0x0000025b32de6d20 DEOPT UNPACKING pc=0x0000025b3699e23f sp=0x000000b6283fea68 mode 0
Event: 2.373 Thread 0x0000025b32de6d20 DEOPT PACKING pc=0x0000025b371210a1 sp=0x000000b6283ff590
Event: 2.373 Thread 0x0000025b32de6d20 DEOPT UNPACKING pc=0x0000025b3699e23f sp=0x000000b6283fea68 mode 0
Event: 2.543 Thread 0x0000025b32de6d20 DEOPT PACKING pc=0x0000025b3712a9a1 sp=0x000000b6283ff350
Event: 2.543 Thread 0x0000025b32de6d20 DEOPT UNPACKING pc=0x0000025b3699e23f sp=0x000000b6283fe880 mode 0

Classes unloaded (0 events):
No events

Classes redefined (0 events):
No events

Internal exceptions (12 events):
Event: 0.314 Thread 0x0000025b32de6d20 Exception <a 'java/lang/NoSuchMethodError'{0x00000006213401c0}: 'void java.lang.invoke.DirectMethodHandle$Holder.invokeStatic(java.lang.Object, java.lang.Object)'> (0x00000006213401c0) 
thrown [./open/src/hotspot/share/interpreter/linkResolver.cpp, line 782]
Event: 0.314 Thread 0x0000025b32de6d20 Exception <a 'java/lang/NoSuchMethodError'{0x0000000621343e68}: 'void java.lang.invoke.DirectMethodHandle$Holder.invokeStaticInit(java.lang.Object, java.lang.Object)'> (0x0000000621343e68) 
thrown [./open/src/hotspot/share/interpreter/linkResolver.cpp, line 782]
Event: 0.391 Thread 0x0000025b32de6d20 Exception <a 'java/lang/NoSuchMethodError'{0x0000000620d24670}: 'java.lang.Object java.lang.invoke.DirectMethodHandle$Holder.invokeStatic(java.lang.Object)'> (0x0000000620d24670) 
thrown [./open/src/hotspot/share/interpreter/linkResolver.cpp, line 782]
Event: 0.811 Thread 0x0000025b32de6d20 Exception <a 'java/lang/NoSuchMethodError'{0x000000062035d4b8}: 'void java.lang.invoke.DirectMethodHandle$Holder.invokeSpecial(java.lang.Object, java.lang.Object, java.lang.Object)'> (0x000000062035d4b8) 
thrown [./open/src/hotspot/share/interpreter/linkResolver.cpp, line 782]
Event: 0.822 Thread 0x0000025b32de6d20 Exception <a 'java/lang/ClassNotFoundException'{0x000000061fc25f90}: sun/awt/resources/spi/awtProvider> (0x000000061fc25f90) 
thrown [./open/src/hotspot/share/classfile/systemDictionary.cpp, line 295]
Event: 0.841 Thread 0x0000025b32de6d20 Exception <a 'java/io/FileNotFoundException'{0x000000061fc7f378}> (0x000000061fc7f378) 
thrown [./open/src/hotspot/share/prims/jni.cpp, line 578]
Event: 0.847 Thread 0x0000025b32de6d20 Exception <a 'java/io/FileNotFoundException'{0x000000061fcaffa8}> (0x000000061fcaffa8) 
thrown [./open/src/hotspot/share/prims/jni.cpp, line 578]
Event: 0.863 Thread 0x0000025b32de6d20 Exception <a 'java/lang/NoSuchMethodError'{0x000000061fd39b98}: 'java.lang.Object java.lang.invoke.DirectMethodHandle$Holder.invokeStaticInit(java.lang.Object, int, int, int, int)'> (0x000000061fd39b98) 
thrown [./open/src/hotspot/share/interpreter/linkResolver.cpp, line 782]
Event: 0.891 Thread 0x0000025b32de6d20 Exception <a 'java/lang/NoSuchMethodError'{0x000000061fd85630}: 'java.lang.Object java.lang.invoke.DirectMethodHandle$Holder.invokeStaticInit(java.lang.Object, java.lang.Object, int, int, int, int)'> (0x000000061fd85630) 
thrown [./open/src/hotspot/share/interpreter/linkResolver.cpp, line 782]
Event: 0.899 Thread 0x0000025b32de6d20 Exception <a 'java/lang/NoSuchMethodError'{0x000000061fda9d28}: 'java.lang.Object java.lang.invoke.DirectMethodHandle$Holder.invokeStaticInit(java.lang.Object)'> (0x000000061fda9d28) 
thrown [./open/src/hotspot/share/interpreter/linkResolver.cpp, line 782]
Event: 1.986 Thread 0x0000025b32de6d20 Implicit null exception at 0x0000025b3e489e21 to 0x0000025b3e48a248
Event: 1.986 Thread 0x0000025b32de6d20 Implicit null exception at 0x0000025b3e484506 to 0x0000025b3e484934

Events (20 events):
Event: 2.229 Thread 0x0000025b5ce77390 Thread added: 0x0000025b5ce77390
Event: 2.247 Loaded shared library E:\Workspace\Java\Assignment3-19206227\lwjgl64.dll
Event: 2.248 Loaded shared library E:\Workspace\Java\Assignment3-19206227\lwjgl64.dll
Event: 2.250 Loaded shared library E:\Workspace\Java\Assignment3-19206227\lwjgl64.dll
Event: 2.253 Loaded shared library E:\Workspace\Java\Assignment3-19206227\lwjgl64.dll
Event: 2.271 Loaded shared library E:\Workspace\Java\Assignment3-19206227\lwjgl64.dll
Event: 2.274 Loaded shared library E:\Workspace\Java\Assignment3-19206227\lwjgl64.dll
Event: 2.275 Loaded shared library E:\Workspace\Java\Assignment3-19206227\lwjgl64.dll
Event: 2.275 Loaded shared library E:\Workspace\Java\Assignment3-19206227\lwjgl64.dll
Event: 2.280 Loaded shared library E:\Workspace\Java\Assignment3-19206227\lwjgl64.dll
Event: 2.293 Loaded shared library E:\Workspace\Java\Assignment3-19206227\lwjgl64.dll
Event: 2.300 Loaded shared library E:\Workspace\Java\Assignment3-19206227\lwjgl64.dll
Event: 2.332 Loaded shared library E:\Workspace\Java\Assignment3-19206227\lwjgl64.dll
Event: 2.380 Loaded shared library E:\Workspace\Java\Assignment3-19206227\lwjgl64.dll
Event: 2.401 Executing VM operation: ICBufferFull
Event: 2.401 Executing VM operation: ICBufferFull done
Event: 2.417 Thread 0x0000025b5d061990 Thread added: 0x0000025b5d061990
Event: 2.465 Executing VM operation: ICBufferFull
Event: 2.465 Executing VM operation: ICBufferFull done
Event: 2.497 Loaded shared library E:\Workspace\Java\Assignment3-19206227\lwjgl64.dll


Dynamic libraries:
0x00007ff7238d0000 - 0x00007ff7238dd000 	E:\MyStudio\eclipse\plugins\org.eclipse.justj.openjdk.hotspot.jre.full.win32.x86_64_15.0.2.v20210201-0955\jre\bin\javaw.exe
0x00007fff5fbe0000 - 0x00007fff5fdb1000 	C:\Windows\SYSTEM32\ntdll.dll
0x00007fff5e930000 - 0x00007fff5e9dc000 	C:\Windows\System32\KERNEL32.DLL
0x00007fff5c2b0000 - 0x00007fff5c4cd000 	C:\Windows\System32\KERNELBASE.dll
0x00007fff5d070000 - 0x00007fff5d165000 	C:\Windows\System32\ucrtbase.dll
0x00007fff44c80000 - 0x00007fff44c98000 	E:\MyStudio\eclipse\plugins\org.eclipse.justj.openjdk.hotspot.jre.full.win32.x86_64_15.0.2.v20210201-0955\jre\bin\jli.dll
0x00007fff5d170000 - 0x00007fff5d2d5000 	C:\Windows\System32\USER32.dll
0x00007fff5c530000 - 0x00007fff5c54e000 	C:\Windows\System32\win32u.dll
0x00007fff5fa70000 - 0x00007fff5faa4000 	C:\Windows\System32\GDI32.dll
0x00007fff5cea0000 - 0x00007fff5d020000 	C:\Windows\System32\gdi32full.dll
0x00007fff431a0000 - 0x00007fff431b9000 	E:\MyStudio\eclipse\plugins\org.eclipse.justj.openjdk.hotspot.jre.full.win32.x86_64_15.0.2.v20210201-0955\jre\bin\VCRUNTIME140.dll
0x00007fff538e0000 - 0x00007fff53b5a000 	C:\Windows\WinSxS\amd64_microsoft.windows.common-controls_6595b64144ccf1df_6.0.14393.2273_none_7de240fc83403786\COMCTL32.dll
0x00007fff5f500000 - 0x00007fff5f59e000 	C:\Windows\System32\msvcrt.dll
0x00007fff5f180000 - 0x00007fff5f448000 	C:\Windows\System32\combase.dll
0x00007fff5fab0000 - 0x00007fff5fbd1000 	C:\Windows\System32\RPCRT4.dll
0x00007fff5ccd0000 - 0x00007fff5cd3a000 	C:\Windows\System32\bcryptPrimitives.dll
0x00007fff5efe0000 - 0x00007fff5f00e000 	C:\Windows\System32\IMM32.DLL
0x00007fff5bf70000 - 0x00007fff5bf9d000 	C:\Program Files (x86)\ImmersiveDisplayPRO\WSupportLdr64.dll
0x00007fff572c0000 - 0x00007fff59650000 	C:\Program Files (x86)\ImmersiveDisplayPRO\WSupport64.dll
0x00007fff5f450000 - 0x00007fff5f4f2000 	C:\Windows\System32\advapi32.dll
0x00007fff5f850000 - 0x00007fff5f8a9000 	C:\Windows\System32\sechost.dll
0x00007fff5f8b0000 - 0x00007fff5f96f000 	C:\Windows\System32\oleaut32.dll
0x00007fff5cc30000 - 0x00007fff5cccc000 	C:\Windows\System32\msvcp_win.dll
0x00007fff5d420000 - 0x00007fff5e925000 	C:\Windows\System32\shell32.dll
0x00007fff5d020000 - 0x00007fff5d062000 	C:\Windows\System32\cfgmgr32.dll
0x00007fff5c550000 - 0x00007fff5cc29000 	C:\Windows\System32\windows.storage.dll
0x00007fff5c060000 - 0x00007fff5c0ac000 	C:\Windows\System32\powrprof.dll
0x00007fff5f750000 - 0x00007fff5f7a2000 	C:\Windows\System32\shlwapi.dll
0x00007fff5c050000 - 0x00007fff5c05f000 	C:\Windows\System32\kernel.appcore.dll
0x00007fff5cdf0000 - 0x00007fff5ce99000 	C:\Windows\System32\shcore.dll
0x00007fff5c0c0000 - 0x00007fff5c0d4000 	C:\Windows\System32\profapi.dll
0x00007fff56880000 - 0x00007fff5688a000 	C:\Windows\SYSTEM32\version.dll
0x00007fff5d2e0000 - 0x00007fff5d418000 	C:\Windows\System32\ole32.dll
0x00007fff5f170000 - 0x00007fff5f178000 	C:\Windows\System32\psapi.dll
0x00007fff55e90000 - 0x00007fff55e97000 	C:\Windows\SYSTEM32\SHFolder.dll
0x00007fff5bcf0000 - 0x00007fff5bd1c000 	C:\Windows\SYSTEM32\SspiCli.dll
0x00007fff5b0c0000 - 0x00007fff5b15f000 	C:\Windows\SYSTEM32\dxgi.dll
0x00007fff55b50000 - 0x00007fff55c53000 	C:\Windows\SYSTEM32\D3D12.dll
0x00007fff5aa80000 - 0x00007fff5ab11000 	C:\Windows\SYSTEM32\msvcp110_win.dll
0x00007fff4ad10000 - 0x00007fff4ad1c000 	E:\MyStudio\eclipse\plugins\org.eclipse.justj.openjdk.hotspot.jre.full.win32.x86_64_15.0.2.v20210201-0955\jre\bin\vcruntime140_1.dll
0x00007fff29b90000 - 0x00007fff29c21000 	E:\MyStudio\eclipse\plugins\org.eclipse.justj.openjdk.hotspot.jre.full.win32.x86_64_15.0.2.v20210201-0955\jre\bin\msvcp140.dll
0x00007fff28b80000 - 0x00007fff296de000 	E:\MyStudio\eclipse\plugins\org.eclipse.justj.openjdk.hotspot.jre.full.win32.x86_64_15.0.2.v20210201-0955\jre\bin\server\jvm.dll
0x00007fff56900000 - 0x00007fff56909000 	C:\Windows\SYSTEM32\WSOCK32.dll
0x00007fff5f7e0000 - 0x00007fff5f84a000 	C:\Windows\System32\WS2_32.dll
0x00007fff5a4f0000 - 0x00007fff5a513000 	C:\Windows\SYSTEM32\WINMM.dll
0x00007fff5a380000 - 0x00007fff5a3ab000 	C:\Windows\SYSTEM32\WINMMBASE.dll
0x00007fff568f0000 - 0x00007fff568fa000 	E:\MyStudio\eclipse\plugins\org.eclipse.justj.openjdk.hotspot.jre.full.win32.x86_64_15.0.2.v20210201-0955\jre\bin\jimage.dll
0x00007fff49280000 - 0x00007fff49412000 	C:\Windows\SYSTEM32\DBGHELP.DLL
0x00007fff47bd0000 - 0x00007fff47bf9000 	C:\Windows\SYSTEM32\dbgcore.DLL
0x00007fff3efc0000 - 0x00007fff3eff9000 	E:\MyStudio\eclipse\plugins\org.eclipse.justj.openjdk.hotspot.jre.full.win32.x86_64_15.0.2.v20210201-0955\jre\bin\jdwp.dll
0x00007fff48960000 - 0x00007fff4896e000 	E:\MyStudio\eclipse\plugins\org.eclipse.justj.openjdk.hotspot.jre.full.win32.x86_64_15.0.2.v20210201-0955\jre\bin\instrument.dll
0x00007fff518a0000 - 0x00007fff518c5000 	E:\MyStudio\eclipse\plugins\org.eclipse.justj.openjdk.hotspot.jre.full.win32.x86_64_15.0.2.v20210201-0955\jre\bin\java.dll
0x00007fff51750000 - 0x00007fff51768000 	E:\MyStudio\eclipse\plugins\org.eclipse.justj.openjdk.hotspot.jre.full.win32.x86_64_15.0.2.v20210201-0955\jre\bin\zip.dll
0x00007fff48830000 - 0x00007fff4883b000 	E:\MyStudio\eclipse\plugins\org.eclipse.justj.openjdk.hotspot.jre.full.win32.x86_64_15.0.2.v20210201-0955\jre\bin\dt_socket.dll
0x00007fff5b670000 - 0x00007fff5b6a8000 	C:\Windows\SYSTEM32\IPHLPAPI.DLL
0x00007fff5b950000 - 0x00007fff5b9ac000 	C:\Windows\system32\mswsock.dll
0x00007fff5b6c0000 - 0x00007fff5b761000 	C:\Windows\SYSTEM32\DNSAPI.dll
0x00007fff5f7d0000 - 0x00007fff5f7d8000 	C:\Windows\System32\NSI.dll
0x00007fff55d60000 - 0x00007fff55d6a000 	C:\Windows\System32\rasadhlp.dll
0x00007fff55da0000 - 0x00007fff55e0a000 	C:\Windows\System32\fwpuclnt.dll
0x00007fff5bfa0000 - 0x00007fff5bfcb000 	C:\Windows\SYSTEM32\bcrypt.dll
0x00007fff4fba0000 - 0x00007fff4fbb9000 	E:\MyStudio\eclipse\plugins\org.eclipse.justj.openjdk.hotspot.jre.full.win32.x86_64_15.0.2.v20210201-0955\jre\bin\net.dll
0x00007fff55c60000 - 0x00007fff55d2d000 	C:\Windows\SYSTEM32\WINHTTP.dll
0x00007fff48970000 - 0x00007fff48982000 	E:\MyStudio\eclipse\plugins\org.eclipse.justj.openjdk.hotspot.jre.full.win32.x86_64_15.0.2.v20210201-0955\jre\bin\nio.dll
0x00007fff56250000 - 0x00007fff56260000 	E:\MyStudio\eclipse\plugins\org.eclipse.justj.openjdk.hotspot.jre.full.win32.x86_64_15.0.2.v20210201-0955\jre\bin\verify.dll
0x0000000180000000 - 0x0000000180053000 	E:\Workspace\Java\Assignment3-19206227\lwjgl64.dll
0x00007fff46280000 - 0x00007fff463a3000 	C:\Windows\SYSTEM32\OPENGL32.dll
0x00007fff46970000 - 0x00007fff4699d000 	C:\Windows\SYSTEM32\GLU32.dll
0x00007fff46650000 - 0x00007fff46747000 	C:\Windows\SYSTEM32\DDRAW.dll
0x00007fff46960000 - 0x00007fff46968000 	C:\Windows\SYSTEM32\DCIMAN32.dll
0x00007fff5a880000 - 0x00007fff5a915000 	C:\Windows\system32\uxtheme.dll
0x00007fff5f010000 - 0x00007fff5f16a000 	C:\Windows\System32\MSCTF.dll
0x00007fff59c30000 - 0x00007fff59c56000 	C:\Windows\system32\dwmapi.dll
0x00007fff25cf0000 - 0x00007fff26bc7000 	C:\Windows\System32\DriverStore\FileRepository\igdlh.inf_amd64_f1e15cd0aee677cc\ig9icd64.dll
0x00007fff59890000 - 0x00007fff598a3000 	C:\Windows\SYSTEM32\WTSAPI32.dll
0x00007fff40ff0000 - 0x00007fff41081000 	C:\Windows\SYSTEM32\mscms.dll
0x00007fff5b770000 - 0x00007fff5b78f000 	C:\Windows\SYSTEM32\USERENV.dll
0x00007fff29900000 - 0x00007fff29942000 	C:\Windows\SYSTEM32\icm32.dll
0x00007fff51910000 - 0x00007fff52f12000 	C:\Windows\System32\DriverStore\FileRepository\igdlh.inf_amd64_f1e15cd0aee677cc\igc64.dll
0x00007fff25b70000 - 0x00007fff25cef000 	E:\MyStudio\eclipse\plugins\org.eclipse.justj.openjdk.hotspot.jre.full.win32.x86_64_15.0.2.v20210201-0955\jre\bin\awt.dll
0x00007fff5a690000 - 0x00007fff5a70a000 	C:\Windows\SYSTEM32\apphelp.dll
0x00007fff5baf0000 - 0x00007fff5bb07000 	C:\Windows\SYSTEM32\CRYPTSP.dll
0x00007fff5b4f0000 - 0x00007fff5b523000 	C:\Windows\system32\rsaenh.dll
0x00007fff5bb10000 - 0x00007fff5bb1b000 	C:\Windows\SYSTEM32\CRYPTBASE.dll
0x00007fff56180000 - 0x00007fff56196000 	C:\Windows\SYSTEM32\dhcpcsvc6.DLL
0x00007fff56110000 - 0x00007fff5612a000 	C:\Windows\SYSTEM32\dhcpcsvc.DLL
0x00007fff3eb70000 - 0x00007fff3eb9d000 	E:\MyStudio\eclipse\plugins\org.eclipse.justj.openjdk.hotspot.jre.full.win32.x86_64_15.0.2.v20210201-0955\jre\bin\javajpeg.dll

dbghelp: loaded successfully - version: 4.0.5 - missing functions: none
symbol engine: initialized successfully - sym options: 0x614 - pdb path: .;E:\MyStudio\eclipse\plugins\org.eclipse.justj.openjdk.hotspot.jre.full.win32.x86_64_15.0.2.v20210201-0955\jre\bin;C:\Windows\SYSTEM32;C:\Windows\WinSxS\amd64_microsoft.windows.common-controls_6595b64144ccf1df_6.0.14393.2273_none_7de240fc83403786;C:\Program Files (x86)\ImmersiveDisplayPRO;E:\MyStudio\eclipse\plugins\org.eclipse.justj.openjdk.hotspot.jre.full.win32.x86_64_15.0.2.v20210201-0955\jre\bin\server;E:\Workspace\Java\Assignment3-19206227;C:\Windows\System32\DriverStore\FileRepository\igdlh.inf_amd64_f1e15cd0aee677cc

VM Arguments:
jvm_args: -XX:+ShowCodeDetailsInExceptionMessages -agentlib:jdwp=transport=dt_socket,suspend=y,address=localhost:57564 -javaagent:E:\MyStudio\eclipse\configuration\org.eclipse.osgi\222\0\.cp\lib\javaagent-shaded.jar -Dfile.encoding=GBK 
java_command: MainWindow
java_class_path (initial): E:\Workspace\Java\Assignment3-19206227\bin;E:\Workspace\Java\Assignment3-19206227\LWJGL\AppleJavaExtensions.jar;E:\Workspace\Java\Assignment3-19206227\LWJGL\asm-debug-all.jar;E:\Workspace\Java\Assignment3-19206227\LWJGL\jinput.jar;E:\Workspace\Java\Assignment3-19206227\LWJGL\laf-plugin-7.2.1.jar;E:\Workspace\Java\Assignment3-19206227\LWJGL\laf-widget-7.2.1.jar;E:\Workspace\Java\Assignment3-19206227\LWJGL\log4j-api-2.0-beta9.jar;E:\Workspace\Java\Assignment3-19206227\LWJGL\lwjgl_test.jar;E:\Workspace\Java\Assignment3-19206227\LWJGL\lwjgl_util_applet.jar;E:\Workspace\Java\Assignment3-19206227\LWJGL\lwjgl_util.jar;E:\Workspace\Java\Assignment3-19206227\LWJGL\lwjgl-debug.jar;E:\Workspace\Java\Assignment3-19206227\LWJGL\lwjgl.jar;E:\Workspace\Java\Assignment3-19206227\LWJGL\lzma.jar;E:\Workspace\Java\Assignment3-19206227\LWJGL\substance-7.2.1.jar;E:\Workspace\Java\Assignment3-19206227\LWJGL\trident-7.2.1.jar;E:\Workspace\Java\Assignment3-19206227\LWJGL\slick-util.jar
Launcher Type: SUN_STANDARD

[Global flags]
     intx CICompilerCount                          = 3                                         {product} {ergonomic}
     uint ConcGCThreads                            = 1                                         {product} {ergonomic}
     uint G1ConcRefinementThreads                  = 4                                         {product} {ergonomic}
   size_t G1HeapRegionSize                         = 4194304                                   {product} {ergonomic}
    uintx GCDrainStackTargetSize                   = 64                                        {product} {ergonomic}
   size_t InitialHeapSize                          = 536870912                                 {product} {ergonomic}
   size_t MarkStackSize                            = 4194304                                   {product} {ergonomic}
   size_t MaxHeapSize                              = 8568963072                                {product} {ergonomic}
   size_t MaxNewSize                               = 5138022400                                {product} {ergonomic}
   size_t MinHeapDeltaBytes                        = 4194304                                   {product} {ergonomic}
   size_t MinHeapSize                              = 8388608                                   {product} {ergonomic}
    uintx NonNMethodCodeHeapSize                   = 5832780                                {pd product} {ergonomic}
    uintx NonProfiledCodeHeapSize                  = 122912730                              {pd product} {ergonomic}
    uintx ProfiledCodeHeapSize                     = 122912730                              {pd product} {ergonomic}
    uintx ReservedCodeCacheSize                    = 251658240                              {pd product} {ergonomic}
     bool SegmentedCodeCache                       = true                                      {product} {ergonomic}
     bool ShowCodeDetailsInExceptionMessages       = true                                   {manageable} {command line}
   size_t SoftMaxHeapSize                          = 8568963072                             {manageable} {ergonomic}
     bool UseCompressedClassPointers               = true                                 {lp64_product} {ergonomic}
     bool UseCompressedOops                        = true                                 {lp64_product} {ergonomic}
     bool UseG1GC                                  = true                                      {product} {ergonomic}
     bool UseLargePagesIndividualAllocation        = false                                  {pd product} {ergonomic}

Logging:
Log output configuration:
 #0: stdout all=warning uptime,level,tags
 #1: stderr all=off uptime,level,tags

Environment Variables:
JAVA_HOME=C:\Program Files\Java\jdk1.8.0_162
CLASSPATH=C:\Program Files\Java\jdk1.8.0_162\lib;C:\Program Files\Java\jdk1.8.0_162\lib\dt.jar;C:\Program Files\Java\jdk1.8.0_162\lib\tools.jar
PATH=E:\MyStudio\eclipse\plugins\org.eclipse.justj.openjdk.hotspot.jre.full.win32.x86_64_15.0.2.v20210201-0955\jre\bin;E:/MyStudio/eclipse//plugins/org.eclipse.justj.openjdk.hotspot.jre.full.win32.x86_64_15.0.2.v20210201-0955/jre/bin/server;E:/MyStudio/eclipse//plugins/org.eclipse.justj.openjdk.hotspot.jre.full.win32.x86_64_15.0.2.v20210201-0955/jre/bin;C:\Windows\system32\config\systemprofile\AppData\Local\Microsoft\WindowsApps;C:\Program Files (x86)\GtkSharp\2.12\bin;C:\Program Files (x86)\Microsoft SQL Server\120\Tools\Binn\;C:\Program Files (x86)\NVIDIA Corporation\PhysX\Common;C:\Program Files (x86)\Windows Kits\10\Windows Performance Toolkit\;C:\Program Files\Git\cmd;C:\Program Files\Java\jdk1.8.0_162\bin;C:\Program Files\MySQL\MySQL Shell 8.0\bin\;C:\Program Files\NVIDIA Corporation\NVIDIA NvDLISR;C:\Python27;C:\Users\Administrator\AppData\Local\GitHubDesktop\bin;C:\Users\Administrator\AppData\Local\Microsoft\WindowsApps;C:\Users\Public\Documents\Embarcadero\Studio\21.0\Bpl;C:\Users\Public\Documents\Embarcadero\Studio\21.0\Bpl\Win64;C:\Users\Public\Documents\RAD Studio\7.0\BPL;C:\Users\Public\Documents\RAD Studio\9.0\BPL;C:\Windows;C:\Windows\System32\Wbem;C:\Windows\system32;C:\Windows\system32\config\systemprofile\AppData\Local\Microsoft\WindowsApps;E:\MyStudio\Cocos\Cocos2d-x\cocos2d-x-4.0\tools\cocos2d-console\bin;E:\MyStudio\Cocos\Cocos2d-x\cocos2d-x-4.0\templates;E:\MyStudio\MATLAB\MATLAB Runtime\v99\runtime\win64;E:\MyStudio\cmake\bin;E:\MyStudio\mingw64\bin;E:\Qt\Qt5.14.2\Tools\mingw730_32\bin;E:\RadStudio\21.0\bin;E:\RadStudio\21.0\bin64;E:\RadStudio\6.0\bin;E:\RadStudio\6.0\system32;E:\RadStudio\9.0\Projects\Bpl;E:\RadStudio\9.0\bin;E:\RadStudio\9.0\system32;x:\bin\win32;C:\Program Files (x86)\dotnet\;C:\Users\Public\Documents\RAD Studio\9.0\BPL;E:\MyStudio\Cocos\Cocos2d-x\Cocos2d-x-3.10\templates;E:\MyStudio\Cocos\Cocos2d-x\Cocos2d-x-3.10\tools\cocos2d-console\bin;E:\MyStudio\Cocos\Cocos2d-x\cocos2d-x-4.0\templates;C:\Program Files\MySQL\MySQL Shell 8
USERNAME=Administrator
OS=Windows_NT
PROCESSOR_IDENTIFIER=Intel64 Family 6 Model 158 Stepping 9, GenuineIntel



---------------  S Y S T E M  ---------------

OS:
 Windows 10 , 64 bit Build 14393 (10.0.14393.2214)
OS uptime: 0 days 16:44 hours

CPU: total 4 (initial active 4) (4 cores per cpu, 1 threads per core) family 6 model 158 stepping 9 microcode 0x84, cmov, cx8, fxsr, mmx, sse, sse2, sse3, ssse3, sse4.1, sse4.2, popcnt, vzeroupper, avx, avx2, aes, clmul, erms, 3dnowpref, lzcnt, tsc, tscinvbit, bmi1, bmi2, adx, fma, clflush, clflushopt

Memory: 4k page, system-wide physical 32681M (21553M free)
TotalPageFile size 42921M (AvailPageFile size 29602M)
current process WorkingSet (physical memory assigned to process): 816M, peak: 818M
current process commit charge ("private bytes"): 978M, peak: 981M

vm_info: OpenJDK 64-Bit Server VM (15.0.2+7-27) for windows-amd64 JRE (15.0.2+7-27), built on Dec  7 2020 20:02:38 by "mach5one" with unknown MS VC++:1925

END.
