#
# A fatal error has been detected by the Java Runtime Environment:
#
#  EXCEPTION_ACCESS_VIOLATION (0xc0000005) at pc=0x00007fff25da4195, pid=7212, tid=5032
#
# JRE version: OpenJDK Runtime Environment (15.0.2+7) (build 15.0.2+7-27)
# Java VM: OpenJDK 64-Bit Server VM (15.0.2+7-27, mixed mode, tiered, compressed oops, g1 gc, windows-amd64)
# Problematic frame:
# C  [ig9icd64.dll+0xb4195]
#
# No core dump will be written. Minidumps are not enabled by default on client versions of Windows
#
# If you would like to submit a bug report, please visit:
#   https://bugreport.java.com/bugreport/crash.jsp
# The crash happened outside the Java Virtual Machine in native code.
# See problematic frame for where to report the bug.
#

---------------  S U M M A R Y ------------

Command Line: -XX:+ShowCodeDetailsInExceptionMessages -agentlib:jdwp=transport=dt_socket,suspend=y,address=localhost:57570 -javaagent:E:\MyStudio\eclipse\configuration\org.eclipse.osgi\222\0\.cp\lib\javaagent-shaded.jar -Dfile.encoding=GBK MainWindow

Host: Intel(R) Core(TM) i5-7300HQ CPU @ 2.50GHz, 4 cores, 31G,  Windows 10 , 64 bit Build 14393 (10.0.14393.2214)
Time: Thu Dec  2 02:02:39 2021 ?D1¨²¡À¨º¡Á?¨º¡À?? elapsed time: 3.384241 seconds (0d 0h 0m 3s)

---------------  T H R E A D  ---------------

Current thread (0x0000021d1e1d3140):  JavaThread "main" [_thread_in_native, id=5032, stack(0x000000e95e900000,0x000000e95ea00000)]

Stack: [0x000000e95e900000,0x000000e95ea00000],  sp=0x000000e95e9fc220,  free space=1008k
Native frames: (J=compiled Java code, j=interpreted, Vv=VM code, C=native code)
C  [ig9icd64.dll+0xb4195]

Java frames: (J=compiled Java code, j=interpreted, Vv=VM code)
J 1292  org.lwjgl.opengl.GL11.nglDrawArrays(IIIJ)V (0 bytes) @ 0x0000021d29891b76 [0x0000021d29891b20+0x0000000000000056]
J 1299 c1 org.lwjgl.opengl.GL11.glDrawArrays(III)V (27 bytes) @ 0x0000021d2251499c [0x0000021d22514560+0x000000000000043c]
J 1274 c1 GraphicsObjects.vertex_buffer.draw_arrays(III)V (63 bytes) @ 0x0000021d2250659c [0x0000021d22506420+0x000000000000017c]
J 1273 c1 objects3D.Sphere.draw(Lorg/newdawn/slick/opengl/Texture;)V (49 bytes) @ 0x0000021d22505f34 [0x0000021d22505d00+0x0000000000000234]
J 1609 c1 objects3D.Human.DrawHuman(FZLorg/newdawn/slick/opengl/Texture;Lorg/newdawn/slick/opengl/Texture;Lorg/newdawn/slick/opengl/Texture;)V (2430 bytes) @ 0x0000021d225b3644 [0x0000021d225b0780+0x0000000000002ec4]
j  MainWindow.drawHuman(FF)V+124
j  MainWindow.renderGL()V+594
j  MainWindow.start()V+70
j  MainWindow.main([Ljava/lang/String;)V+9
v  ~StubRoutines::call_stub

siginfo: EXCEPTION_ACCESS_VIOLATION (0xc0000005), reading address 0x0000021d6064f000


Register to memory mapping:

RIP=0x00007fff25da4195 ig9icd64.dll
RAX=0x0000000000000002 is an unknown value
RBX=0x0000021d47b75ec0 points into unknown readable memory: 0x0000021d47b35ac0 | c0 5a b3 47 1d 02 00 00
RCX=0x0 is NULL
RDX=0x0000021d6064ef90 points into unknown readable memory: 0x0000000000000000 | 00 00 00 00 00 00 00 00
RSP=0x000000e95e9fc220 is pointing into the stack for thread: 0x0000021d1e1d3140
RBP=0x000000e95e9fc350 is pointing into the stack for thread: 0x0000021d1e1d3140
RSI=0x0000021d6064ee90 points into unknown readable memory: 0x0000021d5cc00760 | 60 07 c0 5c 1d 02 00 00
RDI=0x0000021d4f6c0120 points into unknown readable memory: 0x3f4a00003e580000 | 00 00 58 3e 00 00 4a 3f
R8 =0x0000000000000180 is an unknown value
R9 =0x0000000000000003 is an unknown value
R10=0x0000000000000003 is an unknown value
R11=0x0000021d47c37988 points into unknown readable memory: 0x0000021d6064ee90 | 90 ee 64 60 1d 02 00 00
R12=0x0000000000000180 is an unknown value
R13=0x0000021d4f6c0020 points into unknown readable memory: 0x0000021d5cc00760 | 60 07 c0 5c 1d 02 00 00
R14=0x0 is NULL
R15=0x0000021d483bc200 points into unknown readable memory: 0x0000021d4f6c0020 | 20 00 6c 4f 1d 02 00 00


Registers:
RAX=0x0000000000000002, RBX=0x0000021d47b75ec0, RCX=0x0000000000000000, RDX=0x0000021d6064ef90
RSP=0x000000e95e9fc220, RBP=0x000000e95e9fc350, RSI=0x0000021d6064ee90, RDI=0x0000021d4f6c0120
R8 =0x0000000000000180, R9 =0x0000000000000003, R10=0x0000000000000003, R11=0x0000021d47c37988
R12=0x0000000000000180, R13=0x0000021d4f6c0020, R14=0x0000000000000000, R15=0x0000021d483bc200
RIP=0x00007fff25da4195, EFLAGS=0x0000000000010207

Top of Stack: (sp=0x000000e95e9fc220)
0x000000e95e9fc220:   000000000000000e 0000000000000000
0x000000e95e9fc230:   000000000000010e 0000000000000000
0x000000e95e9fc240:   0000000000000000 00007fff25f98455
0x000000e95e9fc250:   0000021d47b75ec0 000000e95e9fc350
0x000000e95e9fc260:   0000000000000006 0000021d47b9cc70
0x000000e95e9fc270:   0000021d0000000b 0000021d00000001
0x000000e95e9fc280:   0000021d0002a970 00007fff00008438
0x000000e95e9fc290:   0000000000000000 0001000000000000
0x000000e95e9fc2a0:   ffffffff0d125000 00007fff00000000
0x000000e95e9fc2b0:   0000021d493a95e4 0000001000000000
0x000000e95e9fc2c0:   0000000000000001 0000021d47bf6f20
0x000000e95e9fc2d0:   0000021dffffffff 00007fff25f99e9d
0x000000e95e9fc2e0:   ffffffff00000000 00007fff292cd7ca
0x000000e95e9fc2f0:   000000e900000020 0000021d493a1000
0x000000e95e9fc300:   0000000000000000 0000000000000001
0x000000e95e9fc310:   0000000000000000 0000000000008524 

Instructions: (pc=0x00007fff25da4195)
0x00007fff25da4095:   4c 2b c0 0f 29 74 24 10 4d 8b c8 0f 29 3c 24 49
0x00007fff25da40a5:   c1 e9 07 f6 c2 0f 0f 84 af 00 00 00 4d 85 c9 74
0x00007fff25da40b5:   6b 66 66 0f 1f 84 00 00 00 00 00 f3 0f 6f 3a 41
0x00007fff25da40c5:   ff c2 f3 0f 6f 72 10 41 8b c2 f3 0f 6f 6a 20 f3
0x00007fff25da40d5:   0f 6f 62 30 f3 0f 6f 5a 40 f3 0f 6f 52 50 f3 0f
0x00007fff25da40e5:   6f 4a 60 f3 0f 6f 42 70 66 0f e7 3f 66 0f e7 77
0x00007fff25da40f5:   10 66 0f e7 6f 20 66 0f e7 67 30 66 0f e7 5f 40
0x00007fff25da4105:   66 0f e7 57 50 66 0f e7 4f 60 66 0f e7 47 70 48
0x00007fff25da4115:   83 ef 80 48 83 ea 80 49 3b c1 72 9f 41 83 e0 7f
0x00007fff25da4125:   0f 84 e0 00 00 00 45 8b d0 44 8b c9 49 c1 ea 04
0x00007fff25da4135:   4d 85 d2 0f 84 cd 00 00 00 66 90 f3 0f 6f 02 41
0x00007fff25da4145:   ff c1 48 83 c2 10 41 8b c1 66 0f e7 07 48 83 c7
0x00007fff25da4155:   10 49 3b c2 72 e5 e9 ab 00 00 00 4d 85 c9 74 6c
0x00007fff25da4165:   66 66 66 0f 1f 84 00 00 00 00 00 66 0f 6f 3a 41
0x00007fff25da4175:   ff c2 66 0f 6f 72 10 66 0f 6f 6a 20 66 0f 6f 62
0x00007fff25da4185:   30 66 0f 6f 5a 40 66 0f 6f 52 50 66 0f 6f 4a 60
0x00007fff25da4195:   66 0f 6f 42 70 48 83 ea 80 66 0f e7 3f 66 0f e7
0x00007fff25da41a5:   77 10 66 0f e7 6f 20 66 0f e7 67 30 66 0f e7 5f
0x00007fff25da41b5:   40 66 0f e7 57 50 66 0f e7 4f 60 66 0f e7 47 70
0x00007fff25da41c5:   48 83 ef 80 41 8b c2 49 3b c1 72 9f 41 83 e0 7f
0x00007fff25da41d5:   74 34 45 8b d0 44 8b c9 49 c1 ea 04 4d 85 d2 74
0x00007fff25da41e5:   25 66 66 0f 1f 84 00 00 00 00 00 66 0f 6f 02 41
0x00007fff25da41f5:   ff c1 66 0f e7 07 48 83 c7 10 41 8b c1 48 83 c2
0x00007fff25da4205:   10 49 3b c2 72 e5 0f 28 74 24 10 0f 28 3c 24 41
0x00007fff25da4215:   83 e0 0f 74 49 45 8b d0 44 8b c9 49 c1 ea 02 4d
0x00007fff25da4225:   85 d2 74 1e 0f 1f 80 00 00 00 00 8b 02 41 ff c1
0x00007fff25da4235:   89 07 48 83 c2 04 48 83 c7 04 41 8b c1 49 3b c2
0x00007fff25da4245:   72 e9 41 83 e0 03 76 16 48 2b d7 0f b6 04 3a ff
0x00007fff25da4255:   c1 88 07 48 8d 7f 01 8b c1 49 3b c0 72 ed 48 83
0x00007fff25da4265:   c4 20 5f c3 cc cc cc cc cc cc cc 48 89 5c 24 18
0x00007fff25da4275:   89 54 24 10 55 56 57 41 56 41 57 48 83 ec 30 41
0x00007fff25da4285:   80 78 10 00 49 8b f0 49 8b 58 30 4c 8b f9 41 8b 


Stack slot to memory mapping:
stack at sp + 0 slots: 0x000000000000000e is an unknown value
stack at sp + 1 slots: 0x0 is NULL
stack at sp + 2 slots: 0x000000000000010e is an unknown value
stack at sp + 3 slots: 0x0 is NULL
stack at sp + 4 slots: 0x0 is NULL
stack at sp + 5 slots: 0x00007fff25f98455 ig9icd64.dll
stack at sp + 6 slots: 0x0000021d47b75ec0 points into unknown readable memory: 0x0000021d47b35ac0 | c0 5a b3 47 1d 02 00 00
stack at sp + 7 slots: 0x000000e95e9fc350 is pointing into the stack for thread: 0x0000021d1e1d3140


---------------  P R O C E S S  ---------------

Threads class SMR info:
_java_thread_list=0x0000021d4841df70, length=17, elements={
0x0000021d1e1d3140, 0x0000021d47094050, 0x0000021d47094dd0, 0x0000021d4706c260,
0x0000021d4706eb30, 0x0000021d470c3430, 0x0000021d470c4020, 0x0000021d470c6ea0,
0x0000021d470a2c80, 0x0000021d4725d850, 0x0000021d4740c200, 0x0000021d4740d0a0,
0x0000021d473e2840, 0x0000021d4758a390, 0x0000021d4820c020, 0x0000021d484aa450,
0x0000021d5c784a20
}

Java Threads: ( => current thread )
=>0x0000021d1e1d3140 JavaThread "main" [_thread_in_native, id=5032, stack(0x000000e95e900000,0x000000e95ea00000)]
  0x0000021d47094050 JavaThread "Reference Handler" daemon [_thread_blocked, id=9728, stack(0x000000e95f000000,0x000000e95f100000)]
  0x0000021d47094dd0 JavaThread "Finalizer" daemon [_thread_blocked, id=9160, stack(0x000000e95f100000,0x000000e95f200000)]
  0x0000021d4706c260 JavaThread "Signal Dispatcher" daemon [_thread_blocked, id=9188, stack(0x000000e95f200000,0x000000e95f300000)]
  0x0000021d4706eb30 JavaThread "Attach Listener" daemon [_thread_blocked, id=8044, stack(0x000000e95f300000,0x000000e95f400000)]
  0x0000021d470c3430 JavaThread "Service Thread" daemon [_thread_blocked, id=10020, stack(0x000000e95f400000,0x000000e95f500000)]
  0x0000021d470c4020 JavaThread "C2 CompilerThread0" daemon [_thread_in_native, id=3272, stack(0x000000e95f500000,0x000000e95f600000)]
  0x0000021d470c6ea0 JavaThread "C1 CompilerThread0" daemon [_thread_blocked, id=6584, stack(0x000000e95f600000,0x000000e95f700000)]
  0x0000021d470a2c80 JavaThread "Sweeper thread" daemon [_thread_blocked, id=6852, stack(0x000000e95f700000,0x000000e95f800000)]
  0x0000021d4725d850 JavaThread "Common-Cleaner" daemon [_thread_blocked, id=7132, stack(0x000000e95f800000,0x000000e95f900000)]
  0x0000021d4740c200 JavaThread "JDWP Transport Listener: dt_socket" daemon [_thread_blocked, id=1088, stack(0x000000e95f900000,0x000000e95fa00000)]
  0x0000021d4740d0a0 JavaThread "JDWP Event Helper Thread" daemon [_thread_blocked, id=11232, stack(0x000000e95fa00000,0x000000e95fb00000)]
  0x0000021d473e2840 JavaThread "JDWP Command Reader" daemon [_thread_in_native, id=10628, stack(0x000000e95fb00000,0x000000e95fc00000)]
  0x0000021d4758a390 JavaThread "Notification Thread" daemon [_thread_blocked, id=7808, stack(0x000000e95fc00000,0x000000e95fd00000)]
  0x0000021d4820c020 JavaThread "Java2D Disposer" daemon [_thread_blocked, id=7964, stack(0x000000e960200000,0x000000e960300000)]
  0x0000021d484aa450 JavaThread "LWJGL Timer" daemon [_thread_blocked, id=10088, stack(0x000000e960600000,0x000000e960700000)]
  0x0000021d5c784a20 JavaThread "C2 CompilerThread1" daemon [_thread_in_native, id=2644, stack(0x000000e960700000,0x000000e960800000)]

Other Threads:
  0x0000021d47049e50 VMThread "VM Thread" [stack: 0x000000e95ef00000,0x000000e95f000000] [id=1880]
  0x0000021d4758a860 WatcherThread [stack: 0x000000e95fd00000,0x000000e95fe00000] [id=9308]
  0x0000021d1e249420 GCTaskThread "GC Thread#0" [stack: 0x000000e95ea00000,0x000000e95eb00000] [id=10160]
  0x0000021d47d90810 GCTaskThread "GC Thread#1" [stack: 0x000000e960300000,0x000000e960400000] [id=2912]
  0x0000021d47d8ee90 GCTaskThread "GC Thread#2" [stack: 0x000000e960400000,0x000000e960500000] [id=5172]
  0x0000021d47d90b40 GCTaskThread "GC Thread#3" [stack: 0x000000e960500000,0x000000e960600000] [id=8032]
  0x0000021d1e25a540 ConcurrentGCThread "G1 Main Marker" [stack: 0x000000e95eb00000,0x000000e95ec00000] [id=2600]
  0x0000021d1e25c040 ConcurrentGCThread "G1 Conc#0" [stack: 0x000000e95ec00000,0x000000e95ed00000] [id=8444]
  0x0000021d1e3616f0 ConcurrentGCThread "G1 Refine#0" [stack: 0x000000e95ed00000,0x000000e95ee00000] [id=3416]
  0x0000021d1e3621f0 ConcurrentGCThread "G1 Young RemSet Sampling" [stack: 0x000000e95ee00000,0x000000e95ef00000] [id=5608]

Threads with active compile tasks:
C2 CompilerThread0     3410 1581       4       java.util.regex.Pattern$GroupHead::match (47 bytes)
C2 CompilerThread1     3410 1620       4       java.util.regex.Pattern$Branch::match (66 bytes)

VM state: not at safepoint (normal execution)

VM Mutex/Monitor currently owned by a thread: None

Heap address: 0x0000000601400000, size: 8172 MB, Compressed Oops mode: Zero based, Oop shift amount: 3
CDS disabled.
Compressed class space mapped at: 0x0000000800000000-0x0000000840000000, size: 1073741824
Narrow klass base: 0x0000000800000000, Narrow klass shift: 0, Narrow klass range: 0x40000000

GC Precious Log:
 CPUs: 4 total, 4 available
 Memory: 32681M
 Large Page Support: Disabled
 NUMA Support: Disabled
 Compressed Oops: Enabled (Zero based)
 Heap Region Size: 4M
 Heap Min Capacity: 8M
 Heap Initial Capacity: 512M
 Heap Max Capacity: 8172M
 Pre-touch: Disabled
 Parallel Workers: 4
 Concurrent Workers: 1
 Concurrent Refinement Workers: 4
 Periodic GC: Disabled

Heap:
 garbage-first heap   total 524288K, used 372121K [0x0000000601400000, 0x0000000800000000)
  region size 4096K, 43 young (176128K), 1 survivors (4096K)
 Metaspace       used 16331K, capacity 16533K, committed 16768K, reserved 1064960K
  class space    used 1360K, capacity 1400K, committed 1408K, reserved 1048576K

Heap Regions: E=young(eden), S=young(survivor), O=old, HS=humongous(starts), HC=humongous(continues), CS=collection set, F=free, OA=open archive, CA=closed archive, TAMS=top-at-mark-start (previous, next)
|   0|0x0000000601400000, 0x0000000601800000, 0x0000000601800000|100%|HS|  |TAMS 0x0000000601400000, 0x0000000601400000| Complete 
|   1|0x0000000601800000, 0x0000000601c00000, 0x0000000601c00000|100%|HC|  |TAMS 0x0000000601800000, 0x0000000601800000| Complete 
|   2|0x0000000601c00000, 0x0000000602000000, 0x0000000602000000|100%|HC|  |TAMS 0x0000000601c00000, 0x0000000601c00000| Complete 
|   3|0x0000000602000000, 0x0000000602400000, 0x0000000602400000|100%|HC|  |TAMS 0x0000000602000000, 0x0000000602000000| Complete 
|   4|0x0000000602400000, 0x0000000602800000, 0x0000000602800000|100%|HC|  |TAMS 0x0000000602400000, 0x0000000602400000| Complete 
|   5|0x0000000602800000, 0x0000000602c00000, 0x0000000602c00000|100%|HC|  |TAMS 0x0000000602800000, 0x0000000602800000| Complete 
|   6|0x0000000602c00000, 0x0000000603000000, 0x0000000603000000|100%|HC|  |TAMS 0x0000000602c00000, 0x0000000602c00000| Complete 
|   7|0x0000000603000000, 0x0000000603400000, 0x0000000603400000|100%|HC|  |TAMS 0x0000000603000000, 0x0000000603000000| Complete 
|   8|0x0000000603400000, 0x0000000603800000, 0x0000000603800000|100%|HC|  |TAMS 0x0000000603400000, 0x0000000603400000| Complete 
|   9|0x0000000603800000, 0x0000000603c00000, 0x0000000603c00000|100%|HC|  |TAMS 0x0000000603800000, 0x0000000603800000| Complete 
|  10|0x0000000603c00000, 0x0000000603f41a00, 0x0000000604000000| 81%| O|  |TAMS 0x0000000603c00000, 0x0000000603c00000| Untracked 
|  11|0x0000000604000000, 0x0000000604400000, 0x0000000604400000|100%|HS|  |TAMS 0x0000000604000000, 0x0000000604000000| Complete 
|  12|0x0000000604400000, 0x0000000604800000, 0x0000000604800000|100%|HC|  |TAMS 0x0000000604400000, 0x0000000604400000| Complete 
|  13|0x0000000604800000, 0x0000000604c00000, 0x0000000604c00000|100%|HC|  |TAMS 0x0000000604800000, 0x0000000604800000| Complete 
|  14|0x0000000604c00000, 0x0000000605000000, 0x0000000605000000|100%|HC|  |TAMS 0x0000000604c00000, 0x0000000604c00000| Complete 
|  15|0x0000000605000000, 0x0000000605400000, 0x0000000605400000|100%|HC|  |TAMS 0x0000000605000000, 0x0000000605000000| Complete 
|  16|0x0000000605400000, 0x0000000605800000, 0x0000000605800000|100%|HC|  |TAMS 0x0000000605400000, 0x0000000605400000| Complete 
|  17|0x0000000605800000, 0x0000000605c00000, 0x0000000605c00000|100%|HC|  |TAMS 0x0000000605800000, 0x0000000605800000| Complete 
|  18|0x0000000605c00000, 0x0000000606000000, 0x0000000606000000|100%|HC|  |TAMS 0x0000000605c00000, 0x0000000605c00000| Complete 
|  19|0x0000000606000000, 0x0000000606400000, 0x0000000606400000|100%|HC|  |TAMS 0x0000000606000000, 0x0000000606000000| Complete 
|  20|0x0000000606400000, 0x0000000606800000, 0x0000000606800000|100%|HC|  |TAMS 0x0000000606400000, 0x0000000606400000| Complete 
|  21|0x0000000606800000, 0x0000000606c00000, 0x0000000606c00000|100%|HC|  |TAMS 0x0000000606800000, 0x0000000606800000| Complete 
|  22|0x0000000606c00000, 0x0000000607000000, 0x0000000607000000|100%|HC|  |TAMS 0x0000000606c00000, 0x0000000606c00000| Complete 
|  23|0x0000000607000000, 0x0000000607400000, 0x0000000607400000|100%|HC|  |TAMS 0x0000000607000000, 0x0000000607000000| Complete 
|  24|0x0000000607400000, 0x0000000607800000, 0x0000000607800000|100%|HS|  |TAMS 0x0000000607400000, 0x0000000607400000| Complete 
|  25|0x0000000607800000, 0x0000000607c00000, 0x0000000607c00000|100%|HC|  |TAMS 0x0000000607800000, 0x0000000607800000| Complete 
|  26|0x0000000607c00000, 0x0000000608000000, 0x0000000608000000|100%|HC|  |TAMS 0x0000000607c00000, 0x0000000607c00000| Complete 
|  27|0x0000000608000000, 0x0000000608400000, 0x0000000608400000|100%|HC|  |TAMS 0x0000000608000000, 0x0000000608000000| Complete 
|  28|0x0000000608400000, 0x0000000608800000, 0x0000000608800000|100%|HC|  |TAMS 0x0000000608400000, 0x0000000608400000| Complete 
|  29|0x0000000608800000, 0x0000000608c00000, 0x0000000608c00000|100%|HC|  |TAMS 0x0000000608800000, 0x0000000608800000| Complete 
|  30|0x0000000608c00000, 0x0000000609000000, 0x0000000609000000|100%|HC|  |TAMS 0x0000000608c00000, 0x0000000608c00000| Complete 
|  31|0x0000000609000000, 0x0000000609400000, 0x0000000609400000|100%|HC|  |TAMS 0x0000000609000000, 0x0000000609000000| Complete 
|  32|0x0000000609400000, 0x0000000609800000, 0x0000000609800000|100%|HC|  |TAMS 0x0000000609400000, 0x0000000609400000| Complete 
|  33|0x0000000609800000, 0x0000000609c00000, 0x0000000609c00000|100%|HC|  |TAMS 0x0000000609800000, 0x0000000609800000| Complete 
|  34|0x0000000609c00000, 0x000000060a000000, 0x000000060a000000|100%|HC|  |TAMS 0x0000000609c00000, 0x0000000609c00000| Complete 
|  35|0x000000060a000000, 0x000000060a400000, 0x000000060a400000|100%|HC|  |TAMS 0x000000060a000000, 0x000000060a000000| Complete 
|  36|0x000000060a400000, 0x000000060a800000, 0x000000060a800000|100%|HC|  |TAMS 0x000000060a400000, 0x000000060a400000| Complete 
|  37|0x000000060a800000, 0x000000060ac00000, 0x000000060ac00000|100%|HS|  |TAMS 0x000000060a800000, 0x000000060a800000| Complete 
|  38|0x000000060ac00000, 0x000000060b000000, 0x000000060b000000|100%|HC|  |TAMS 0x000000060ac00000, 0x000000060ac00000| Complete 
|  39|0x000000060b000000, 0x000000060b400000, 0x000000060b400000|100%|HC|  |TAMS 0x000000060b000000, 0x000000060b000000| Complete 
|  40|0x000000060b400000, 0x000000060b800000, 0x000000060b800000|100%|HC|  |TAMS 0x000000060b400000, 0x000000060b400000| Complete 
|  41|0x000000060b800000, 0x000000060bc00000, 0x000000060bc00000|100%|HC|  |TAMS 0x000000060b800000, 0x000000060b800000| Complete 
|  42|0x000000060bc00000, 0x000000060c000000, 0x000000060c000000|100%|HC|  |TAMS 0x000000060bc00000, 0x000000060bc00000| Complete 
|  43|0x000000060c000000, 0x000000060c400000, 0x000000060c400000|100%|HC|  |TAMS 0x000000060c000000, 0x000000060c000000| Complete 
|  44|0x000000060c400000, 0x000000060c800000, 0x000000060c800000|100%|HC|  |TAMS 0x000000060c400000, 0x000000060c400000| Complete 
|  45|0x000000060c800000, 0x000000060cc00000, 0x000000060cc00000|100%|HC|  |TAMS 0x000000060c800000, 0x000000060c800000| Complete 
|  46|0x000000060cc00000, 0x000000060d000000, 0x000000060d000000|100%|HC|  |TAMS 0x000000060cc00000, 0x000000060cc00000| Complete 
|  47|0x000000060d000000, 0x000000060d400000, 0x000000060d400000|100%|HC|  |TAMS 0x000000060d000000, 0x000000060d000000| Complete 
|  48|0x000000060d400000, 0x000000060d800000, 0x000000060d800000|100%|HC|  |TAMS 0x000000060d400000, 0x000000060d400000| Complete 
|  49|0x000000060d800000, 0x000000060dc00000, 0x000000060dc00000|100%|HC|  |TAMS 0x000000060d800000, 0x000000060d800000| Complete 
|  50|0x000000060dc00000, 0x000000060dc00000, 0x000000060e000000|  0%| F|  |TAMS 0x000000060dc00000, 0x000000060dc00000| Untracked 
|  51|0x000000060e000000, 0x000000060e000000, 0x000000060e400000|  0%| F|  |TAMS 0x000000060e000000, 0x000000060e000000| Untracked 
|  52|0x000000060e400000, 0x000000060e400000, 0x000000060e800000|  0%| F|  |TAMS 0x000000060e400000, 0x000000060e400000| Untracked 
|  53|0x000000060e800000, 0x000000060e800000, 0x000000060ec00000|  0%| F|  |TAMS 0x000000060e800000, 0x000000060e800000| Untracked 
|  54|0x000000060ec00000, 0x000000060ec00000, 0x000000060f000000|  0%| F|  |TAMS 0x000000060ec00000, 0x000000060ec00000| Untracked 
|  55|0x000000060f000000, 0x000000060f000000, 0x000000060f400000|  0%| F|  |TAMS 0x000000060f000000, 0x000000060f000000| Untracked 
|  56|0x000000060f400000, 0x000000060f400000, 0x000000060f800000|  0%| F|  |TAMS 0x000000060f400000, 0x000000060f400000| Untracked 
|  57|0x000000060f800000, 0x000000060f800000, 0x000000060fc00000|  0%| F|  |TAMS 0x000000060f800000, 0x000000060f800000| Untracked 
|  58|0x000000060fc00000, 0x000000060fc00000, 0x0000000610000000|  0%| F|  |TAMS 0x000000060fc00000, 0x000000060fc00000| Untracked 
|  59|0x0000000610000000, 0x0000000610000000, 0x0000000610400000|  0%| F|  |TAMS 0x0000000610000000, 0x0000000610000000| Untracked 
|  60|0x0000000610400000, 0x0000000610400000, 0x0000000610800000|  0%| F|  |TAMS 0x0000000610400000, 0x0000000610400000| Untracked 
|  61|0x0000000610800000, 0x0000000610800000, 0x0000000610c00000|  0%| F|  |TAMS 0x0000000610800000, 0x0000000610800000| Untracked 
|  62|0x0000000610c00000, 0x0000000610c00000, 0x0000000611000000|  0%| F|  |TAMS 0x0000000610c00000, 0x0000000610c00000| Untracked 
|  63|0x0000000611000000, 0x0000000611000000, 0x0000000611400000|  0%| F|  |TAMS 0x0000000611000000, 0x0000000611000000| Untracked 
|  64|0x0000000611400000, 0x0000000611424ba0, 0x0000000611800000|  3%| S|CS|TAMS 0x0000000611400000, 0x0000000611400000| Complete 
|  65|0x0000000611800000, 0x0000000611800000, 0x0000000611c00000|  0%| F|  |TAMS 0x0000000611800000, 0x0000000611800000| Untracked 
|  66|0x0000000611c00000, 0x0000000611c00000, 0x0000000612000000|  0%| F|  |TAMS 0x0000000611c00000, 0x0000000611c00000| Untracked 
|  67|0x0000000612000000, 0x0000000612000000, 0x0000000612400000|  0%| F|  |TAMS 0x0000000612000000, 0x0000000612000000| Untracked 
|  68|0x0000000612400000, 0x0000000612400000, 0x0000000612800000|  0%| F|  |TAMS 0x0000000612400000, 0x0000000612400000| Untracked 
|  69|0x0000000612800000, 0x0000000612800000, 0x0000000612c00000|  0%| F|  |TAMS 0x0000000612800000, 0x0000000612800000| Untracked 
|  70|0x0000000612c00000, 0x0000000612c00000, 0x0000000613000000|  0%| F|  |TAMS 0x0000000612c00000, 0x0000000612c00000| Untracked 
|  71|0x0000000613000000, 0x0000000613000000, 0x0000000613400000|  0%| F|  |TAMS 0x0000000613000000, 0x0000000613000000| Untracked 
|  72|0x0000000613400000, 0x0000000613400000, 0x0000000613800000|  0%| F|  |TAMS 0x0000000613400000, 0x0000000613400000| Untracked 
|  73|0x0000000613800000, 0x0000000613800000, 0x0000000613c00000|  0%| F|  |TAMS 0x0000000613800000, 0x0000000613800000| Untracked 
|  74|0x0000000613c00000, 0x0000000613c00000, 0x0000000614000000|  0%| F|  |TAMS 0x0000000613c00000, 0x0000000613c00000| Untracked 
|  75|0x0000000614000000, 0x0000000614000000, 0x0000000614400000|  0%| F|  |TAMS 0x0000000614000000, 0x0000000614000000| Untracked 
|  76|0x0000000614400000, 0x0000000614400000, 0x0000000614800000|  0%| F|  |TAMS 0x0000000614400000, 0x0000000614400000| Untracked 
|  77|0x0000000614800000, 0x0000000614800000, 0x0000000614c00000|  0%| F|  |TAMS 0x0000000614800000, 0x0000000614800000| Untracked 
|  78|0x0000000614c00000, 0x0000000614c00000, 0x0000000615000000|  0%| F|  |TAMS 0x0000000614c00000, 0x0000000614c00000| Untracked 
|  79|0x0000000615000000, 0x0000000615000000, 0x0000000615400000|  0%| F|  |TAMS 0x0000000615000000, 0x0000000615000000| Untracked 
|  80|0x0000000615400000, 0x0000000615400000, 0x0000000615800000|  0%| F|  |TAMS 0x0000000615400000, 0x0000000615400000| Untracked 
|  81|0x0000000615800000, 0x0000000615800000, 0x0000000615c00000|  0%| F|  |TAMS 0x0000000615800000, 0x0000000615800000| Untracked 
|  82|0x0000000615c00000, 0x0000000615c00000, 0x0000000616000000|  0%| F|  |TAMS 0x0000000615c00000, 0x0000000615c00000| Untracked 
|  83|0x0000000616000000, 0x0000000616000000, 0x0000000616400000|  0%| F|  |TAMS 0x0000000616000000, 0x0000000616000000| Untracked 
|  84|0x0000000616400000, 0x0000000616400000, 0x0000000616800000|  0%| F|  |TAMS 0x0000000616400000, 0x0000000616400000| Untracked 
|  85|0x0000000616800000, 0x0000000616800000, 0x0000000616c00000|  0%| F|  |TAMS 0x0000000616800000, 0x0000000616800000| Untracked 
|  86|0x0000000616c00000, 0x0000000617000000, 0x0000000617000000|100%| E|  |TAMS 0x0000000616c00000, 0x0000000616c00000| Complete 
|  87|0x0000000617000000, 0x0000000617400000, 0x0000000617400000|100%| E|CS|TAMS 0x0000000617000000, 0x0000000617000000| Complete 
|  88|0x0000000617400000, 0x0000000617800000, 0x0000000617800000|100%| E|CS|TAMS 0x0000000617400000, 0x0000000617400000| Complete 
|  89|0x0000000617800000, 0x0000000617c00000, 0x0000000617c00000|100%| E|CS|TAMS 0x0000000617800000, 0x0000000617800000| Complete 
|  90|0x0000000617c00000, 0x0000000618000000, 0x0000000618000000|100%| E|CS|TAMS 0x0000000617c00000, 0x0000000617c00000| Complete 
|  91|0x0000000618000000, 0x0000000618400000, 0x0000000618400000|100%| E|CS|TAMS 0x0000000618000000, 0x0000000618000000| Complete 
|  92|0x0000000618400000, 0x0000000618800000, 0x0000000618800000|100%| E|CS|TAMS 0x0000000618400000, 0x0000000618400000| Complete 
|  93|0x0000000618800000, 0x0000000618c00000, 0x0000000618c00000|100%| E|CS|TAMS 0x0000000618800000, 0x0000000618800000| Complete 
|  94|0x0000000618c00000, 0x0000000619000000, 0x0000000619000000|100%| E|CS|TAMS 0x0000000618c00000, 0x0000000618c00000| Complete 
|  95|0x0000000619000000, 0x0000000619400000, 0x0000000619400000|100%| E|CS|TAMS 0x0000000619000000, 0x0000000619000000| Complete 
|  96|0x0000000619400000, 0x0000000619800000, 0x0000000619800000|100%| E|CS|TAMS 0x0000000619400000, 0x0000000619400000| Complete 
|  97|0x0000000619800000, 0x0000000619c00000, 0x0000000619c00000|100%| E|CS|TAMS 0x0000000619800000, 0x0000000619800000| Complete 
|  98|0x0000000619c00000, 0x000000061a000000, 0x000000061a000000|100%| E|CS|TAMS 0x0000000619c00000, 0x0000000619c00000| Complete 
|  99|0x000000061a000000, 0x000000061a400000, 0x000000061a400000|100%| E|CS|TAMS 0x000000061a000000, 0x000000061a000000| Complete 
| 100|0x000000061a400000, 0x000000061a800000, 0x000000061a800000|100%| E|CS|TAMS 0x000000061a400000, 0x000000061a400000| Complete 
| 101|0x000000061a800000, 0x000000061ac00000, 0x000000061ac00000|100%| E|CS|TAMS 0x000000061a800000, 0x000000061a800000| Complete 
| 102|0x000000061ac00000, 0x000000061b000000, 0x000000061b000000|100%| E|CS|TAMS 0x000000061ac00000, 0x000000061ac00000| Complete 
| 103|0x000000061b000000, 0x000000061b400000, 0x000000061b400000|100%| E|CS|TAMS 0x000000061b000000, 0x000000061b000000| Complete 
| 104|0x000000061b400000, 0x000000061b800000, 0x000000061b800000|100%| E|CS|TAMS 0x000000061b400000, 0x000000061b400000| Complete 
| 105|0x000000061b800000, 0x000000061bc00000, 0x000000061bc00000|100%| E|CS|TAMS 0x000000061b800000, 0x000000061b800000| Complete 
| 106|0x000000061bc00000, 0x000000061c000000, 0x000000061c000000|100%| E|CS|TAMS 0x000000061bc00000, 0x000000061bc00000| Complete 
| 107|0x000000061c000000, 0x000000061c400000, 0x000000061c400000|100%| E|CS|TAMS 0x000000061c000000, 0x000000061c000000| Complete 
| 108|0x000000061c400000, 0x000000061c800000, 0x000000061c800000|100%| E|CS|TAMS 0x000000061c400000, 0x000000061c400000| Complete 
| 109|0x000000061c800000, 0x000000061cc00000, 0x000000061cc00000|100%| E|CS|TAMS 0x000000061c800000, 0x000000061c800000| Complete 
| 110|0x000000061cc00000, 0x000000061d000000, 0x000000061d000000|100%| E|CS|TAMS 0x000000061cc00000, 0x000000061cc00000| Complete 
| 111|0x000000061d000000, 0x000000061d400000, 0x000000061d400000|100%| E|CS|TAMS 0x000000061d000000, 0x000000061d000000| Complete 
| 112|0x000000061d400000, 0x000000061d800000, 0x000000061d800000|100%| E|CS|TAMS 0x000000061d400000, 0x000000061d400000| Complete 
| 113|0x000000061d800000, 0x000000061dc00000, 0x000000061dc00000|100%| E|CS|TAMS 0x000000061d800000, 0x000000061d800000| Complete 
| 114|0x000000061dc00000, 0x000000061e000000, 0x000000061e000000|100%| E|CS|TAMS 0x000000061dc00000, 0x000000061dc00000| Complete 
| 115|0x000000061e000000, 0x000000061e400000, 0x000000061e400000|100%| E|CS|TAMS 0x000000061e000000, 0x000000061e000000| Complete 
| 116|0x000000061e400000, 0x000000061e800000, 0x000000061e800000|100%| E|CS|TAMS 0x000000061e400000, 0x000000061e400000| Complete 
| 117|0x000000061e800000, 0x000000061ec00000, 0x000000061ec00000|100%| E|CS|TAMS 0x000000061e800000, 0x000000061e800000| Complete 
| 118|0x000000061ec00000, 0x000000061f000000, 0x000000061f000000|100%| E|CS|TAMS 0x000000061ec00000, 0x000000061ec00000| Complete 
| 119|0x000000061f000000, 0x000000061f400000, 0x000000061f400000|100%| E|CS|TAMS 0x000000061f000000, 0x000000061f000000| Complete 
| 120|0x000000061f400000, 0x000000061f800000, 0x000000061f800000|100%| E|CS|TAMS 0x000000061f400000, 0x000000061f400000| Complete 
| 121|0x000000061f800000, 0x000000061fc00000, 0x000000061fc00000|100%| E|CS|TAMS 0x000000061f800000, 0x000000061f800000| Complete 
| 122|0x000000061fc00000, 0x0000000620000000, 0x0000000620000000|100%| E|CS|TAMS 0x000000061fc00000, 0x000000061fc00000| Complete 
| 123|0x0000000620000000, 0x0000000620400000, 0x0000000620400000|100%| E|CS|TAMS 0x0000000620000000, 0x0000000620000000| Complete 
| 124|0x0000000620400000, 0x0000000620800000, 0x0000000620800000|100%| E|CS|TAMS 0x0000000620400000, 0x0000000620400000| Complete 
| 125|0x0000000620800000, 0x0000000620c00000, 0x0000000620c00000|100%| E|CS|TAMS 0x0000000620800000, 0x0000000620800000| Complete 
| 126|0x0000000620c00000, 0x0000000621000000, 0x0000000621000000|100%| E|CS|TAMS 0x0000000620c00000, 0x0000000620c00000| Complete 
| 127|0x0000000621000000, 0x0000000621400000, 0x0000000621400000|100%| E|CS|TAMS 0x0000000621000000, 0x0000000621000000| Complete 

Card table byte_map: [0x0000021d32370000,0x0000021d33370000] _byte_map_base: 0x0000021d2f366000

Marking Bits (Prev, Next): (CMBitMap*) 0x0000021d1e249b90, (CMBitMap*) 0x0000021d1e249bd0
 Prev Bits: [0x0000021d34370000, 0x0000021d3c320000)
 Next Bits: [0x0000021d3c320000, 0x0000021d442d0000)

Polling page: 0x0000021d1d880000

Metaspace:

Usage:
  Non-class:     14.78 MB capacity,    14.62 MB ( 99%) used,   145.70 KB ( <1%) free+waste,    16.25 KB ( <1%) overhead. 
      Class:      1.37 MB capacity,     1.33 MB ( 97%) used,    34.52 KB (  2%) free+waste,     4.81 KB ( <1%) overhead. 
       Both:     16.15 MB capacity,    15.95 MB ( 99%) used,   180.21 KB (  1%) free+waste,    21.06 KB ( <1%) overhead. 

Virtual space:
  Non-class space:       16.00 MB reserved,      15.00 MB ( 94%) committed 
      Class space:        1.00 GB reserved,       1.38 MB ( <1%) committed 
             Both:        1.02 GB reserved,      16.38 MB (  2%) committed 

Chunk freelists:
   Non-Class:  35.00 KB
       Class:  8.00 KB
        Both:  43.00 KB

MaxMetaspaceSize: 17179869184.00 GB
CompressedClassSpaceSize: 1.00 GB

CodeHeap 'non-profiled nmethods': size=120000Kb used=924Kb max_used=924Kb free=119075Kb
 bounds [0x0000021d29810000, 0x0000021d29a80000, 0x0000021d30d40000]
CodeHeap 'profiled nmethods': size=120000Kb used=2960Kb max_used=2960Kb free=117040Kb
 bounds [0x0000021d222e0000, 0x0000021d225d0000, 0x0000021d29810000]
CodeHeap 'non-nmethods': size=5760Kb used=1396Kb max_used=1541Kb free=4363Kb
 bounds [0x0000021d21d40000, 0x0000021d21fb0000, 0x0000021d222e0000]
 total_blobs=2226 nmethods=1618 adapters=521
 compilation: enabled
              stopped_count=0, restarted_count=0
 full_count=0

Compilation events (20 events):
Event: 3.279 Thread 0x0000021d470c6ea0 1615       3       org.lwjgl.opengl.Sync$RunningAvg::avg (37 bytes)
Event: 3.279 Thread 0x0000021d470c6ea0 nmethod 1615 0x0000021d225c0a10 code [0x0000021d225c0bc0, 0x0000021d225c0db8]
Event: 3.288 Thread 0x0000021d5c784a20 nmethod 1500 0x0000021d298d0090 code [0x0000021d298d0a60, 0x0000021d298eb130]
Event: 3.288 Thread 0x0000021d5c784a20 1602       4       java.util.regex.Matcher::search (154 bytes)
Event: 3.294 Thread 0x0000021d5c784a20 nmethod 1602 0x0000021d298f5190 code [0x0000021d298f5340, 0x0000021d298f59a8]
Event: 3.294 Thread 0x0000021d5c784a20 1614       4       java.nio.Buffer::remaining (20 bytes)
Event: 3.295 Thread 0x0000021d5c784a20 nmethod 1614 0x0000021d298f5d90 code [0x0000021d298f5f00, 0x0000021d298f5f78]
Event: 3.295 Thread 0x0000021d5c784a20 1582       4       java.util.stream.Sink$ChainedInt::cancellationRequested (10 bytes)
Event: 3.296 Thread 0x0000021d5c784a20 nmethod 1582 0x0000021d298f6090 code [0x0000021d298f6220, 0x0000021d298f62d8]
Event: 3.296 Thread 0x0000021d5c784a20 1600       4       java.util.regex.Matcher::start (65 bytes)
Event: 3.297 Thread 0x0000021d5c784a20 nmethod 1600 0x0000021d298f6390 code [0x0000021d298f6520, 0x0000021d298f66b8]
Event: 3.308 Thread 0x0000021d5c784a20 1616       4       java.util.Formatter$Conversion::isFloat (72 bytes)
Event: 3.308 Thread 0x0000021d5c784a20 nmethod 1616 0x0000021d298f6810 code [0x0000021d298f6980, 0x0000021d298f69d8]
Event: 3.309 Thread 0x0000021d470c6ea0 1617       3       org.lwjgl.opengl.WindowsDisplay::handleMessage (29 bytes)
Event: 3.309 Thread 0x0000021d470c6ea0 nmethod 1617 0x0000021d225c0f10 code [0x0000021d225c10c0, 0x0000021d225c12b8]
Event: 3.309 Thread 0x0000021d470c6ea0 1618       3       org.lwjgl.opengl.WindowsDisplay::doHandleMessage (969 bytes)
Event: 3.311 Thread 0x0000021d470c6ea0 nmethod 1618 0x0000021d225c1410 code [0x0000021d225c1880, 0x0000021d225c3828]
Event: 3.335 Thread 0x0000021d5c784a20 1619       4       org.lwjgl.opengl.GL11::glEnable (22 bytes)
Event: 3.338 Thread 0x0000021d5c784a20 nmethod 1619 0x0000021d298f6b10 code [0x0000021d298f6cc0, 0x0000021d298f6fd8]
Event: 3.353 Thread 0x0000021d5c784a20 1620       4       java.util.regex.Pattern$Branch::match (66 bytes)

GC Heap History (8 events):
Event: 0.915 GC heap before
{Heap before GC invocations=0 (full 0):
 garbage-first heap   total 524288K, used 65536K [0x0000000601400000, 0x0000000800000000)
  region size 4096K, 6 young (24576K), 0 survivors (0K)
 Metaspace       used 14501K, capacity 14677K, committed 14848K, reserved 1062912K
  class space    used 1219K, capacity 1272K, committed 1280K, reserved 1048576K
}
Event: 0.919 GC heap after
{Heap after GC invocations=1 (full 0):
 garbage-first heap   total 524288K, used 44414K [0x0000000601400000, 0x0000000800000000)
  region size 4096K, 1 young (4096K), 1 survivors (4096K)
 Metaspace       used 14501K, capacity 14677K, committed 14848K, reserved 1062912K
  class space    used 1219K, capacity 1272K, committed 1280K, reserved 1048576K
}
Event: 1.002 GC heap before
{Heap before GC invocations=1 (full 0):
 garbage-first heap   total 524288K, used 64894K [0x0000000601400000, 0x0000000800000000)
  region size 4096K, 6 young (24576K), 1 survivors (4096K)
 Metaspace       used 14519K, capacity 14677K, committed 14848K, reserved 1062912K
  class space    used 1219K, capacity 1272K, committed 1280K, reserved 1048576K
}
Event: 1.005 GC heap after
{Heap after GC invocations=2 (full 0):
 garbage-first heap   total 524288K, used 44294K [0x0000000601400000, 0x0000000800000000)
  region size 4096K, 0 young (0K), 0 survivors (0K)
 Metaspace       used 14519K, capacity 14677K, committed 14848K, reserved 1062912K
  class space    used 1219K, capacity 1272K, committed 1280K, reserved 1048576K
}
Event: 1.621 GC heap before
{Heap before GC invocations=2 (full 0):
 garbage-first heap   total 524288K, used 244998K [0x0000000601400000, 0x0000000800000000)
  region size 4096K, 10 young (40960K), 0 survivors (0K)
 Metaspace       used 15913K, capacity 16085K, committed 16256K, reserved 1064960K
  class space    used 1349K, capacity 1400K, committed 1408K, reserved 1048576K
}
Event: 1.622 GC heap after
{Heap after GC invocations=3 (full 0):
 garbage-first heap   total 524288K, used 204243K [0x0000000601400000, 0x0000000800000000)
  region size 4096K, 1 young (4096K), 1 survivors (4096K)
 Metaspace       used 15913K, capacity 16085K, committed 16256K, reserved 1064960K
  class space    used 1349K, capacity 1400K, committed 1408K, reserved 1048576K
}
Event: 1.880 GC heap before
{Heap before GC invocations=3 (full 0):
 garbage-first heap   total 524288K, used 458195K [0x0000000601400000, 0x0000000800000000)
  region size 4096K, 63 young (258048K), 1 survivors (4096K)
 Metaspace       used 15913K, capacity 16085K, committed 16256K, reserved 1064960K
  class space    used 1349K, capacity 1400K, committed 1408K, reserved 1048576K
}
Event: 1.881 GC heap after
{Heap after GC invocations=4 (full 0):
 garbage-first heap   total 524288K, used 204185K [0x0000000601400000, 0x0000000800000000)
  region size 4096K, 1 young (4096K), 1 survivors (4096K)
 Metaspace       used 15913K, capacity 16085K, committed 16256K, reserved 1064960K
  class space    used 1349K, capacity 1400K, committed 1408K, reserved 1048576K
}

Deoptimization events (20 events):
Event: 2.648 Thread 0x0000021d1e1d3140 DEOPT PACKING pc=0x0000021d225178dd sp=0x000000e95e9feff0
Event: 2.648 Thread 0x0000021d1e1d3140 DEOPT UNPACKING pc=0x0000021d21d8e23f sp=0x000000e95e9fe520 mode 0
Event: 2.662 Thread 0x0000021d1e1d3140 DEOPT PACKING pc=0x0000021d22517a21 sp=0x000000e95e9feff0
Event: 2.662 Thread 0x0000021d1e1d3140 DEOPT UNPACKING pc=0x0000021d21d8e23f sp=0x000000e95e9fe520 mode 0
Event: 2.677 Thread 0x0000021d1e1d3140 DEOPT PACKING pc=0x0000021d22517a21 sp=0x000000e95e9feff0
Event: 2.677 Thread 0x0000021d1e1d3140 DEOPT UNPACKING pc=0x0000021d21d8e23f sp=0x000000e95e9fe520 mode 0
Event: 2.679 Thread 0x0000021d1e1d3140 DEOPT PACKING pc=0x0000021d22517a21 sp=0x000000e95e9feff0
Event: 2.679 Thread 0x0000021d1e1d3140 DEOPT UNPACKING pc=0x0000021d21d8e23f sp=0x000000e95e9fe520 mode 0
Event: 2.693 Thread 0x0000021d1e1d3140 DEOPT PACKING pc=0x0000021d22517a21 sp=0x000000e95e9feff0
Event: 2.693 Thread 0x0000021d1e1d3140 DEOPT UNPACKING pc=0x0000021d21d8e23f sp=0x000000e95e9fe520 mode 0
Event: 2.708 Thread 0x0000021d1e1d3140 DEOPT PACKING pc=0x0000021d22517a21 sp=0x000000e95e9feff0
Event: 2.708 Thread 0x0000021d1e1d3140 DEOPT UNPACKING pc=0x0000021d21d8e23f sp=0x000000e95e9fe520 mode 0
Event: 2.725 Thread 0x0000021d1e1d3140 DEOPT PACKING pc=0x0000021d225178dd sp=0x000000e95e9feff0
Event: 2.725 Thread 0x0000021d1e1d3140 DEOPT UNPACKING pc=0x0000021d21d8e23f sp=0x000000e95e9fe520 mode 0
Event: 2.728 Thread 0x0000021d1e1d3140 DEOPT PACKING pc=0x0000021d225178dd sp=0x000000e95e9feff0
Event: 2.728 Thread 0x0000021d1e1d3140 DEOPT UNPACKING pc=0x0000021d21d8e23f sp=0x000000e95e9fe520 mode 0
Event: 2.743 Thread 0x0000021d1e1d3140 DEOPT PACKING pc=0x0000021d225178dd sp=0x000000e95e9feff0
Event: 2.743 Thread 0x0000021d1e1d3140 DEOPT UNPACKING pc=0x0000021d21d8e23f sp=0x000000e95e9fe520 mode 0
Event: 2.757 Thread 0x0000021d1e1d3140 DEOPT PACKING pc=0x0000021d225178dd sp=0x000000e95e9feff0
Event: 2.757 Thread 0x0000021d1e1d3140 DEOPT UNPACKING pc=0x0000021d21d8e23f sp=0x000000e95e9fe520 mode 0

Classes unloaded (0 events):
No events

Classes redefined (0 events):
No events

Internal exceptions (12 events):
Event: 0.273 Thread 0x0000021d1e1d3140 Exception <a 'java/lang/NoSuchMethodError'{0x0000000621341c68}: 'void java.lang.invoke.DirectMethodHandle$Holder.invokeStatic(java.lang.Object, java.lang.Object)'> (0x0000000621341c68) 
thrown [./open/src/hotspot/share/interpreter/linkResolver.cpp, line 782]
Event: 0.273 Thread 0x0000021d1e1d3140 Exception <a 'java/lang/NoSuchMethodError'{0x0000000621345910}: 'void java.lang.invoke.DirectMethodHandle$Holder.invokeStaticInit(java.lang.Object, java.lang.Object)'> (0x0000000621345910) 
thrown [./open/src/hotspot/share/interpreter/linkResolver.cpp, line 782]
Event: 0.352 Thread 0x0000021d1e1d3140 Exception <a 'java/lang/NoSuchMethodError'{0x0000000620d260a0}: 'java.lang.Object java.lang.invoke.DirectMethodHandle$Holder.invokeStatic(java.lang.Object)'> (0x0000000620d260a0) 
thrown [./open/src/hotspot/share/interpreter/linkResolver.cpp, line 782]
Event: 0.795 Thread 0x0000021d1e1d3140 Exception <a 'java/lang/NoSuchMethodError'{0x000000062035b8d0}: 'void java.lang.invoke.DirectMethodHandle$Holder.invokeSpecial(java.lang.Object, java.lang.Object, java.lang.Object)'> (0x000000062035b8d0) 
thrown [./open/src/hotspot/share/interpreter/linkResolver.cpp, line 782]
Event: 0.801 Thread 0x0000021d1e1d3140 Exception <a 'java/lang/ClassNotFoundException'{0x000000061fc24858}: sun/awt/resources/spi/awtProvider> (0x000000061fc24858) 
thrown [./open/src/hotspot/share/classfile/systemDictionary.cpp, line 295]
Event: 0.815 Thread 0x0000021d1e1d3140 Exception <a 'java/io/FileNotFoundException'{0x000000061fc7dc30}> (0x000000061fc7dc30) 
thrown [./open/src/hotspot/share/prims/jni.cpp, line 578]
Event: 0.821 Thread 0x0000021d1e1d3140 Exception <a 'java/io/FileNotFoundException'{0x000000061fcae860}> (0x000000061fcae860) 
thrown [./open/src/hotspot/share/prims/jni.cpp, line 578]
Event: 0.837 Thread 0x0000021d1e1d3140 Exception <a 'java/lang/NoSuchMethodError'{0x000000061fd38450}: 'java.lang.Object java.lang.invoke.DirectMethodHandle$Holder.invokeStaticInit(java.lang.Object, int, int, int, int)'> (0x000000061fd38450) 
thrown [./open/src/hotspot/share/interpreter/linkResolver.cpp, line 782]
Event: 0.865 Thread 0x0000021d1e1d3140 Exception <a 'java/lang/NoSuchMethodError'{0x000000061fd83ed0}: 'java.lang.Object java.lang.invoke.DirectMethodHandle$Holder.invokeStaticInit(java.lang.Object, java.lang.Object, int, int, int, int)'> (0x000000061fd83ed0) 
thrown [./open/src/hotspot/share/interpreter/linkResolver.cpp, line 782]
Event: 0.872 Thread 0x0000021d1e1d3140 Exception <a 'java/lang/NoSuchMethodError'{0x000000061fda85c8}: 'java.lang.Object java.lang.invoke.DirectMethodHandle$Holder.invokeStaticInit(java.lang.Object)'> (0x000000061fda85c8) 
thrown [./open/src/hotspot/share/interpreter/linkResolver.cpp, line 782]
Event: 1.970 Thread 0x0000021d1e1d3140 Implicit null exception at 0x0000021d298790a1 to 0x0000021d298794c8
Event: 1.970 Thread 0x0000021d1e1d3140 Implicit null exception at 0x0000021d29873786 to 0x0000021d29873bb4

Events (20 events):
Event: 2.853 Executing VM operation: ICBufferFull
Event: 2.853 Executing VM operation: ICBufferFull done
Event: 2.910 Executing VM operation: ICBufferFull
Event: 2.910 Executing VM operation: ICBufferFull done
Event: 2.954 Loaded shared library E:\Workspace\Java\Assignment3-19206227\lwjgl64.dll
Event: 2.985 Executing VM operation: ICBufferFull
Event: 2.985 Executing VM operation: ICBufferFull done
Event: 3.043 Executing VM operation: ICBufferFull
Event: 3.043 Executing VM operation: ICBufferFull done
Event: 3.116 Executing VM operation: ICBufferFull
Event: 3.116 Executing VM operation: ICBufferFull done
Event: 3.174 Executing VM operation: ICBufferFull
Event: 3.174 Executing VM operation: ICBufferFull done
Event: 3.203 Loaded shared library E:\Workspace\Java\Assignment3-19206227\lwjgl64.dll
Event: 3.233 Executing VM operation: ICBufferFull
Event: 3.234 Executing VM operation: ICBufferFull done
Event: 3.308 Executing VM operation: ICBufferFull
Event: 3.308 Executing VM operation: ICBufferFull done
Event: 3.366 Executing VM operation: ICBufferFull
Event: 3.367 Executing VM operation: ICBufferFull done


Dynamic libraries:
0x00007ff7238d0000 - 0x00007ff7238dd000 	E:\MyStudio\eclipse\plugins\org.eclipse.justj.openjdk.hotspot.jre.full.win32.x86_64_15.0.2.v20210201-0955\jre\bin\javaw.exe
0x00007fff5fbe0000 - 0x00007fff5fdb1000 	C:\Windows\SYSTEM32\ntdll.dll
0x00007fff5e930000 - 0x00007fff5e9dc000 	C:\Windows\System32\KERNEL32.DLL
0x00007fff5c2b0000 - 0x00007fff5c4cd000 	C:\Windows\System32\KERNELBASE.dll
0x00007fff5d070000 - 0x00007fff5d165000 	C:\Windows\System32\ucrtbase.dll
0x00007fff44c80000 - 0x00007fff44c98000 	E:\MyStudio\eclipse\plugins\org.eclipse.justj.openjdk.hotspot.jre.full.win32.x86_64_15.0.2.v20210201-0955\jre\bin\jli.dll
0x00007fff5d170000 - 0x00007fff5d2d5000 	C:\Windows\System32\USER32.dll
0x00007fff5c530000 - 0x00007fff5c54e000 	C:\Windows\System32\win32u.dll
0x00007fff5fa70000 - 0x00007fff5faa4000 	C:\Windows\System32\GDI32.dll
0x00007fff5cea0000 - 0x00007fff5d020000 	C:\Windows\System32\gdi32full.dll
0x00007fff431a0000 - 0x00007fff431b9000 	E:\MyStudio\eclipse\plugins\org.eclipse.justj.openjdk.hotspot.jre.full.win32.x86_64_15.0.2.v20210201-0955\jre\bin\VCRUNTIME140.dll
0x00007fff538e0000 - 0x00007fff53b5a000 	C:\Windows\WinSxS\amd64_microsoft.windows.common-controls_6595b64144ccf1df_6.0.14393.2273_none_7de240fc83403786\COMCTL32.dll
0x00007fff5f500000 - 0x00007fff5f59e000 	C:\Windows\System32\msvcrt.dll
0x00007fff5f180000 - 0x00007fff5f448000 	C:\Windows\System32\combase.dll
0x00007fff5fab0000 - 0x00007fff5fbd1000 	C:\Windows\System32\RPCRT4.dll
0x00007fff5ccd0000 - 0x00007fff5cd3a000 	C:\Windows\System32\bcryptPrimitives.dll
0x00007fff5efe0000 - 0x00007fff5f00e000 	C:\Windows\System32\IMM32.DLL
0x00007fff5bf70000 - 0x00007fff5bf9d000 	C:\Program Files (x86)\ImmersiveDisplayPRO\WSupportLdr64.dll
0x00007fff572c0000 - 0x00007fff59650000 	C:\Program Files (x86)\ImmersiveDisplayPRO\WSupport64.dll
0x00007fff5f450000 - 0x00007fff5f4f2000 	C:\Windows\System32\advapi32.dll
0x00007fff5f850000 - 0x00007fff5f8a9000 	C:\Windows\System32\sechost.dll
0x00007fff5f8b0000 - 0x00007fff5f96f000 	C:\Windows\System32\oleaut32.dll
0x00007fff5cc30000 - 0x00007fff5cccc000 	C:\Windows\System32\msvcp_win.dll
0x00007fff5d420000 - 0x00007fff5e925000 	C:\Windows\System32\shell32.dll
0x00007fff5d020000 - 0x00007fff5d062000 	C:\Windows\System32\cfgmgr32.dll
0x00007fff5c550000 - 0x00007fff5cc29000 	C:\Windows\System32\windows.storage.dll
0x00007fff5c060000 - 0x00007fff5c0ac000 	C:\Windows\System32\powrprof.dll
0x00007fff5f750000 - 0x00007fff5f7a2000 	C:\Windows\System32\shlwapi.dll
0x00007fff5c050000 - 0x00007fff5c05f000 	C:\Windows\System32\kernel.appcore.dll
0x00007fff5cdf0000 - 0x00007fff5ce99000 	C:\Windows\System32\shcore.dll
0x00007fff5c0c0000 - 0x00007fff5c0d4000 	C:\Windows\System32\profapi.dll
0x00007fff56880000 - 0x00007fff5688a000 	C:\Windows\SYSTEM32\version.dll
0x00007fff5d2e0000 - 0x00007fff5d418000 	C:\Windows\System32\ole32.dll
0x00007fff5f170000 - 0x00007fff5f178000 	C:\Windows\System32\psapi.dll
0x00007fff55e90000 - 0x00007fff55e97000 	C:\Windows\SYSTEM32\SHFolder.dll
0x00007fff5bcf0000 - 0x00007fff5bd1c000 	C:\Windows\SYSTEM32\SspiCli.dll
0x00007fff5b0c0000 - 0x00007fff5b15f000 	C:\Windows\SYSTEM32\dxgi.dll
0x00007fff55b50000 - 0x00007fff55c53000 	C:\Windows\SYSTEM32\D3D12.dll
0x00007fff5aa80000 - 0x00007fff5ab11000 	C:\Windows\SYSTEM32\msvcp110_win.dll
0x00007fff4ad10000 - 0x00007fff4ad1c000 	E:\MyStudio\eclipse\plugins\org.eclipse.justj.openjdk.hotspot.jre.full.win32.x86_64_15.0.2.v20210201-0955\jre\bin\vcruntime140_1.dll
0x00007fff29b90000 - 0x00007fff29c21000 	E:\MyStudio\eclipse\plugins\org.eclipse.justj.openjdk.hotspot.jre.full.win32.x86_64_15.0.2.v20210201-0955\jre\bin\msvcp140.dll
0x00007fff28b80000 - 0x00007fff296de000 	E:\MyStudio\eclipse\plugins\org.eclipse.justj.openjdk.hotspot.jre.full.win32.x86_64_15.0.2.v20210201-0955\jre\bin\server\jvm.dll
0x00007fff56900000 - 0x00007fff56909000 	C:\Windows\SYSTEM32\WSOCK32.dll
0x00007fff5f7e0000 - 0x00007fff5f84a000 	C:\Windows\System32\WS2_32.dll
0x00007fff5a4f0000 - 0x00007fff5a513000 	C:\Windows\SYSTEM32\WINMM.dll
0x00007fff5a380000 - 0x00007fff5a3ab000 	C:\Windows\SYSTEM32\WINMMBASE.dll
0x00007fff568f0000 - 0x00007fff568fa000 	E:\MyStudio\eclipse\plugins\org.eclipse.justj.openjdk.hotspot.jre.full.win32.x86_64_15.0.2.v20210201-0955\jre\bin\jimage.dll
0x00007fff49280000 - 0x00007fff49412000 	C:\Windows\SYSTEM32\DBGHELP.DLL
0x00007fff47bd0000 - 0x00007fff47bf9000 	C:\Windows\SYSTEM32\dbgcore.DLL
0x00007fff3efc0000 - 0x00007fff3eff9000 	E:\MyStudio\eclipse\plugins\org.eclipse.justj.openjdk.hotspot.jre.full.win32.x86_64_15.0.2.v20210201-0955\jre\bin\jdwp.dll
0x00007fff48960000 - 0x00007fff4896e000 	E:\MyStudio\eclipse\plugins\org.eclipse.justj.openjdk.hotspot.jre.full.win32.x86_64_15.0.2.v20210201-0955\jre\bin\instrument.dll
0x00007fff518a0000 - 0x00007fff518c5000 	E:\MyStudio\eclipse\plugins\org.eclipse.justj.openjdk.hotspot.jre.full.win32.x86_64_15.0.2.v20210201-0955\jre\bin\java.dll
0x00007fff51750000 - 0x00007fff51768000 	E:\MyStudio\eclipse\plugins\org.eclipse.justj.openjdk.hotspot.jre.full.win32.x86_64_15.0.2.v20210201-0955\jre\bin\zip.dll
0x00007fff48830000 - 0x00007fff4883b000 	E:\MyStudio\eclipse\plugins\org.eclipse.justj.openjdk.hotspot.jre.full.win32.x86_64_15.0.2.v20210201-0955\jre\bin\dt_socket.dll
0x00007fff5b670000 - 0x00007fff5b6a8000 	C:\Windows\SYSTEM32\IPHLPAPI.DLL
0x00007fff5b950000 - 0x00007fff5b9ac000 	C:\Windows\system32\mswsock.dll
0x00007fff5b6c0000 - 0x00007fff5b761000 	C:\Windows\SYSTEM32\DNSAPI.dll
0x00007fff5f7d0000 - 0x00007fff5f7d8000 	C:\Windows\System32\NSI.dll
0x00007fff55d60000 - 0x00007fff55d6a000 	C:\Windows\System32\rasadhlp.dll
0x00007fff55da0000 - 0x00007fff55e0a000 	C:\Windows\System32\fwpuclnt.dll
0x00007fff5bfa0000 - 0x00007fff5bfcb000 	C:\Windows\SYSTEM32\bcrypt.dll
0x00007fff4fba0000 - 0x00007fff4fbb9000 	E:\MyStudio\eclipse\plugins\org.eclipse.justj.openjdk.hotspot.jre.full.win32.x86_64_15.0.2.v20210201-0955\jre\bin\net.dll
0x00007fff55c60000 - 0x00007fff55d2d000 	C:\Windows\SYSTEM32\WINHTTP.dll
0x00007fff48970000 - 0x00007fff48982000 	E:\MyStudio\eclipse\plugins\org.eclipse.justj.openjdk.hotspot.jre.full.win32.x86_64_15.0.2.v20210201-0955\jre\bin\nio.dll
0x00007fff56250000 - 0x00007fff56260000 	E:\MyStudio\eclipse\plugins\org.eclipse.justj.openjdk.hotspot.jre.full.win32.x86_64_15.0.2.v20210201-0955\jre\bin\verify.dll
0x0000000180000000 - 0x0000000180053000 	E:\Workspace\Java\Assignment3-19206227\lwjgl64.dll
0x00007fff46280000 - 0x00007fff463a3000 	C:\Windows\SYSTEM32\OPENGL32.dll
0x00007fff46970000 - 0x00007fff4699d000 	C:\Windows\SYSTEM32\GLU32.dll
0x00007fff46650000 - 0x00007fff46747000 	C:\Windows\SYSTEM32\DDRAW.dll
0x00007fff46960000 - 0x00007fff46968000 	C:\Windows\SYSTEM32\DCIMAN32.dll
0x00007fff5a880000 - 0x00007fff5a915000 	C:\Windows\system32\uxtheme.dll
0x00007fff5f010000 - 0x00007fff5f16a000 	C:\Windows\System32\MSCTF.dll
0x00007fff59c30000 - 0x00007fff59c56000 	C:\Windows\system32\dwmapi.dll
0x00007fff25cf0000 - 0x00007fff26bc7000 	C:\Windows\System32\DriverStore\FileRepository\igdlh.inf_amd64_f1e15cd0aee677cc\ig9icd64.dll
0x00007fff59890000 - 0x00007fff598a3000 	C:\Windows\SYSTEM32\WTSAPI32.dll
0x00007fff40ff0000 - 0x00007fff41081000 	C:\Windows\SYSTEM32\mscms.dll
0x00007fff5b770000 - 0x00007fff5b78f000 	C:\Windows\SYSTEM32\USERENV.dll
0x00007fff29900000 - 0x00007fff29942000 	C:\Windows\SYSTEM32\icm32.dll
0x00007fff51910000 - 0x00007fff52f12000 	C:\Windows\System32\DriverStore\FileRepository\igdlh.inf_amd64_f1e15cd0aee677cc\igc64.dll
0x00007fff25b70000 - 0x00007fff25cef000 	E:\MyStudio\eclipse\plugins\org.eclipse.justj.openjdk.hotspot.jre.full.win32.x86_64_15.0.2.v20210201-0955\jre\bin\awt.dll
0x00007fff5a690000 - 0x00007fff5a70a000 	C:\Windows\SYSTEM32\apphelp.dll
0x00007fff5baf0000 - 0x00007fff5bb07000 	C:\Windows\SYSTEM32\CRYPTSP.dll
0x00007fff5b4f0000 - 0x00007fff5b523000 	C:\Windows\system32\rsaenh.dll
0x00007fff5bb10000 - 0x00007fff5bb1b000 	C:\Windows\SYSTEM32\CRYPTBASE.dll
0x00007fff56180000 - 0x00007fff56196000 	C:\Windows\SYSTEM32\dhcpcsvc6.DLL
0x00007fff56110000 - 0x00007fff5612a000 	C:\Windows\SYSTEM32\dhcpcsvc.DLL
0x00007fff3eb70000 - 0x00007fff3eb9d000 	E:\MyStudio\eclipse\plugins\org.eclipse.justj.openjdk.hotspot.jre.full.win32.x86_64_15.0.2.v20210201-0955\jre\bin\javajpeg.dll

dbghelp: loaded successfully - version: 4.0.5 - missing functions: none
symbol engine: initialized successfully - sym options: 0x614 - pdb path: .;E:\MyStudio\eclipse\plugins\org.eclipse.justj.openjdk.hotspot.jre.full.win32.x86_64_15.0.2.v20210201-0955\jre\bin;C:\Windows\SYSTEM32;C:\Windows\WinSxS\amd64_microsoft.windows.common-controls_6595b64144ccf1df_6.0.14393.2273_none_7de240fc83403786;C:\Program Files (x86)\ImmersiveDisplayPRO;E:\MyStudio\eclipse\plugins\org.eclipse.justj.openjdk.hotspot.jre.full.win32.x86_64_15.0.2.v20210201-0955\jre\bin\server;E:\Workspace\Java\Assignment3-19206227;C:\Windows\System32\DriverStore\FileRepository\igdlh.inf_amd64_f1e15cd0aee677cc

VM Arguments:
jvm_args: -XX:+ShowCodeDetailsInExceptionMessages -agentlib:jdwp=transport=dt_socket,suspend=y,address=localhost:57570 -javaagent:E:\MyStudio\eclipse\configuration\org.eclipse.osgi\222\0\.cp\lib\javaagent-shaded.jar -Dfile.encoding=GBK 
java_command: MainWindow
java_class_path (initial): E:\Workspace\Java\Assignment3-19206227\bin;E:\Workspace\Java\Assignment3-19206227\LWJGL\AppleJavaExtensions.jar;E:\Workspace\Java\Assignment3-19206227\LWJGL\asm-debug-all.jar;E:\Workspace\Java\Assignment3-19206227\LWJGL\jinput.jar;E:\Workspace\Java\Assignment3-19206227\LWJGL\laf-plugin-7.2.1.jar;E:\Workspace\Java\Assignment3-19206227\LWJGL\laf-widget-7.2.1.jar;E:\Workspace\Java\Assignment3-19206227\LWJGL\log4j-api-2.0-beta9.jar;E:\Workspace\Java\Assignment3-19206227\LWJGL\lwjgl_test.jar;E:\Workspace\Java\Assignment3-19206227\LWJGL\lwjgl_util_applet.jar;E:\Workspace\Java\Assignment3-19206227\LWJGL\lwjgl_util.jar;E:\Workspace\Java\Assignment3-19206227\LWJGL\lwjgl-debug.jar;E:\Workspace\Java\Assignment3-19206227\LWJGL\lwjgl.jar;E:\Workspace\Java\Assignment3-19206227\LWJGL\lzma.jar;E:\Workspace\Java\Assignment3-19206227\LWJGL\substance-7.2.1.jar;E:\Workspace\Java\Assignment3-19206227\LWJGL\trident-7.2.1.jar;E:\Workspace\Java\Assignment3-19206227\LWJGL\slick-util.jar
Launcher Type: SUN_STANDARD

[Global flags]
     intx CICompilerCount                          = 3                                         {product} {ergonomic}
     uint ConcGCThreads                            = 1                                         {product} {ergonomic}
     uint G1ConcRefinementThreads                  = 4                                         {product} {ergonomic}
   size_t G1HeapRegionSize                         = 4194304                                   {product} {ergonomic}
    uintx GCDrainStackTargetSize                   = 64                                        {product} {ergonomic}
   size_t InitialHeapSize                          = 536870912                                 {product} {ergonomic}
   size_t MarkStackSize                            = 4194304                                   {product} {ergonomic}
   size_t MaxHeapSize                              = 8568963072                                {product} {ergonomic}
   size_t MaxNewSize                               = 5138022400                                {product} {ergonomic}
   size_t MinHeapDeltaBytes                        = 4194304                                   {product} {ergonomic}
   size_t MinHeapSize                              = 8388608                                   {product} {ergonomic}
    uintx NonNMethodCodeHeapSize                   = 5832780                                {pd product} {ergonomic}
    uintx NonProfiledCodeHeapSize                  = 122912730                              {pd product} {ergonomic}
    uintx ProfiledCodeHeapSize                     = 122912730                              {pd product} {ergonomic}
    uintx ReservedCodeCacheSize                    = 251658240                              {pd product} {ergonomic}
     bool SegmentedCodeCache                       = true                                      {product} {ergonomic}
     bool ShowCodeDetailsInExceptionMessages       = true                                   {manageable} {command line}
   size_t SoftMaxHeapSize                          = 8568963072                             {manageable} {ergonomic}
     bool UseCompressedClassPointers               = true                                 {lp64_product} {ergonomic}
     bool UseCompressedOops                        = true                                 {lp64_product} {ergonomic}
     bool UseG1GC                                  = true                                      {product} {ergonomic}
     bool UseLargePagesIndividualAllocation        = false                                  {pd product} {ergonomic}

Logging:
Log output configuration:
 #0: stdout all=warning uptime,level,tags
 #1: stderr all=off uptime,level,tags

Environment Variables:
JAVA_HOME=C:\Program Files\Java\jdk1.8.0_162
CLASSPATH=C:\Program Files\Java\jdk1.8.0_162\lib;C:\Program Files\Java\jdk1.8.0_162\lib\dt.jar;C:\Program Files\Java\jdk1.8.0_162\lib\tools.jar
PATH=E:\MyStudio\eclipse\plugins\org.eclipse.justj.openjdk.hotspot.jre.full.win32.x86_64_15.0.2.v20210201-0955\jre\bin;E:/MyStudio/eclipse//plugins/org.eclipse.justj.openjdk.hotspot.jre.full.win32.x86_64_15.0.2.v20210201-0955/jre/bin/server;E:/MyStudio/eclipse//plugins/org.eclipse.justj.openjdk.hotspot.jre.full.win32.x86_64_15.0.2.v20210201-0955/jre/bin;C:\Windows\system32\config\systemprofile\AppData\Local\Microsoft\WindowsApps;C:\Program Files (x86)\GtkSharp\2.12\bin;C:\Program Files (x86)\Microsoft SQL Server\120\Tools\Binn\;C:\Program Files (x86)\NVIDIA Corporation\PhysX\Common;C:\Program Files (x86)\Windows Kits\10\Windows Performance Toolkit\;C:\Program Files\Git\cmd;C:\Program Files\Java\jdk1.8.0_162\bin;C:\Program Files\MySQL\MySQL Shell 8.0\bin\;C:\Program Files\NVIDIA Corporation\NVIDIA NvDLISR;C:\Python27;C:\Users\Administrator\AppData\Local\GitHubDesktop\bin;C:\Users\Administrator\AppData\Local\Microsoft\WindowsApps;C:\Users\Public\Documents\Embarcadero\Studio\21.0\Bpl;C:\Users\Public\Documents\Embarcadero\Studio\21.0\Bpl\Win64;C:\Users\Public\Documents\RAD Studio\7.0\BPL;C:\Users\Public\Documents\RAD Studio\9.0\BPL;C:\Windows;C:\Windows\System32\Wbem;C:\Windows\system32;C:\Windows\system32\config\systemprofile\AppData\Local\Microsoft\WindowsApps;E:\MyStudio\Cocos\Cocos2d-x\cocos2d-x-4.0\tools\cocos2d-console\bin;E:\MyStudio\Cocos\Cocos2d-x\cocos2d-x-4.0\templates;E:\MyStudio\MATLAB\MATLAB Runtime\v99\runtime\win64;E:\MyStudio\cmake\bin;E:\MyStudio\mingw64\bin;E:\Qt\Qt5.14.2\Tools\mingw730_32\bin;E:\RadStudio\21.0\bin;E:\RadStudio\21.0\bin64;E:\RadStudio\6.0\bin;E:\RadStudio\6.0\system32;E:\RadStudio\9.0\Projects\Bpl;E:\RadStudio\9.0\bin;E:\RadStudio\9.0\system32;x:\bin\win32;C:\Program Files (x86)\dotnet\;C:\Users\Public\Documents\RAD Studio\9.0\BPL;E:\MyStudio\Cocos\Cocos2d-x\Cocos2d-x-3.10\templates;E:\MyStudio\Cocos\Cocos2d-x\Cocos2d-x-3.10\tools\cocos2d-console\bin;E:\MyStudio\Cocos\Cocos2d-x\cocos2d-x-4.0\templates;C:\Program Files\MySQL\MySQL Shell 8
USERNAME=Administrator
OS=Windows_NT
PROCESSOR_IDENTIFIER=Intel64 Family 6 Model 158 Stepping 9, GenuineIntel



---------------  S Y S T E M  ---------------

OS:
 Windows 10 , 64 bit Build 14393 (10.0.14393.2214)
OS uptime: 0 days 16:44 hours

CPU: total 4 (initial active 4) (4 cores per cpu, 1 threads per core) family 6 model 158 stepping 9 microcode 0x84, cmov, cx8, fxsr, mmx, sse, sse2, sse3, ssse3, sse4.1, sse4.2, popcnt, vzeroupper, avx, avx2, aes, clmul, erms, 3dnowpref, lzcnt, tsc, tscinvbit, bmi1, bmi2, adx, fma, clflush, clflushopt

Memory: 4k page, system-wide physical 32681M (21374M free)
TotalPageFile size 42921M (AvailPageFile size 29421M)
current process WorkingSet (physical memory assigned to process): 961M, peak: 967M
current process commit charge ("private bytes"): 1126M, peak: 1132M

vm_info: OpenJDK 64-Bit Server VM (15.0.2+7-27) for windows-amd64 JRE (15.0.2+7-27), built on Dec  7 2020 20:02:38 by "mach5one" with unknown MS VC++:1925

END.
